#
# A fatal error has been detected by the Java Runtime Environment:
#
#  EXCEPTION_ACCESS_VIOLATION (0xc0000005) at pc=0x00007ffc12653e68, pid=25752, tid=11828
#
# JRE version: OpenJDK Runtime Environment Temurin-17.0.10+7 (17.0.10+7) (build 17.0.10+7)
# Java VM: OpenJDK 64-Bit Server VM Temurin-17.0.10+7 (17.0.10+7, mixed mode, sharing, tiered, compressed oops, compressed class ptrs, g1 gc, windows-amd64)
# Problematic frame:
# C  [runtimecore.dll+0x5d13e68]
#
# No core dump will be written. Minidumps are not enabled by default on client versions of Windows
#
# If you would like to submit a bug report, please visit:
#   https://github.com/adoptium/adoptium-support/issues
# The crash happened outside the Java Virtual Machine in native code.
# See problematic frame for where to report the bug.
#

---------------  S U M M A R Y ------------

Command Line: -DapiKey=AAPKf9d8312d139e441b9df7b9abc9ac392adrCnoMbvSgy7cN3WG0-W2WCP0l-vD2vJVTQzYexR_4HGdB8XQt1YGsDXOoiuCA_x -Dfile.encoding=windows-1252 -Duser.country=GB -Duser.language=en -Duser.variant --module-path=C:\applications1\arcgis-maps-sdk-java-samples\scene\add-3d-tiles-layer\build\libs\add-3d-tiles-layer.jar;C:\Users\mar10115\.gradle\caches\modules-2\files-2.1\com.esri.arcgisruntime\arcgis-java\200.4.0-4166\d52d58ebe3ba3c74b3138693f5bc44d008d5c61c\arcgis-java-200.4.0-4166.jar;C:\Users\mar10115\.gradle\caches\modules-2\files-2.1\org.slf4j\slf4j-nop\2.0.9\fa0627049304bf501bf6a0e4d1416bcaec9a72a9\slf4j-nop-2.0.9.jar;C:\Users\mar10115\.gradle\caches\modules-2\files-2.1\org.openjfx\javafx-fxml\21.0.1\b46291a2451fa6b94e6cc365611156a92d6a05b7\javafx-fxml-21.0.1-win.jar;C:\Users\mar10115\.gradle\caches\modules-2\files-2.1\org.openjfx\javafx-web\21.0.1\51dbab452240359ccdf686beb4ad6c6c89efdbb1\javafx-web-21.0.1-win.jar;C:\Users\mar10115\.gradle\caches\modules-2\files-2.1\org.openjfx\javafx-controls\21.0.1\f97557705aba7fb552fe1bf6e4bdb72bab1924ba\javafx-controls-21.0.1-win.jar;C:\Users\mar10115\.gradle\caches\modules-2\files-2.1\org.openjfx\javafx-media\21.0.1\1c359fcb901b1665d59edd603b1174829f2db87d\javafx-media-21.0.1-win.jar;C:\Users\mar10115\.gradle\caches\modules-2\files-2.1\org.openjfx\javafx-graphics\21.0.1\f92cc4656711f2ce8b1928d3b063fd4746ea23e4\javafx-graphics-21.0.1-win.jar;C:\Users\mar10115\.gradle\caches\modules-2\files-2.1\com.google.code.gson\gson\2.10.1\b3add478d4382b78ea20b1671390a858002feb6c\gson-2.10.1.jar;C:\Users\mar10115\.gradle\caches\modules-2\files-2.1\org.apache.httpcomponents.client5\httpclient5-cache\5.2.3\b9ad35175cc466c8f2040c0e77f90c2fb101a79c\httpclient5-cache-5.2.3.jar;C:\Users\mar10115\.gradle\caches\modules-2\files-2.1\org.apache.httpcomponents.client5\httpclient5\5.2.3\5d753a99d299756998a08c488f2efdf9cf26198e\httpclient5-5.2.3.jar;C:\Users\mar10115\.gradle\caches\modules-2\files-2.1\commons-codec\commons-codec\1.16.0\4e3eb3d79888d76b54e28b350915b5dc3919c9de\commons-codec-1.16.0.jar;C:\Users\mar10115\.gradle\caches\modules-2\files-2.1\org.slf4j\slf4j-api\2.0.9\7cf2726fdcfbc8610f9a71fb3ed639871f315340\slf4j-api-2.0.9.jar;C:\Users-Djdk.module.main=com.esri.samples.add_3d_tiles_layer com.esri.samples.add_3d_tiles_layer/com.esri.samples.add_3d_tiles_layer.Add3dTilesLayer

Host: Intel(R) Core(TM) i7-8850H CPU @ 2.60GHz, 12 cores, 15G,  Windows 10 , 64 bit Build 19041 (10.0.19041.3636)
Time: Mon Mar 25 09:10:25 2024 GMT Standard Time elapsed time: 6.297383 seconds (0d 0h 0m 6s)

---------------  T H R E A D  ---------------

Current thread (0x0000021bcfefcef0):  JavaThread "JavaFX Application Thread" [_thread_in_native, id=11828, stack(0x000000ec29c00000,0x000000ec29d00000)]

Stack: [0x000000ec29c00000,0x000000ec29d00000],  sp=0x000000ec29cfd808,  free space=1014k
Native frames: (J=compiled Java code, j=interpreted, Vv=VM code, C=native code)
C  [runtimecore.dll+0x5d13e68]

Java frames: (J=compiled Java code, j=interpreted, Vv=VM code)
j  com.esri.arcgisruntime.internal.mapping.view.RenderingContext.nativePulse(JJ)V+0 com.esri.arcgisruntime@200.4.0
j  com.esri.arcgisruntime.internal.mapping.view.RenderingContext.pulse()V+12 com.esri.arcgisruntime@200.4.0
j  com.esri.arcgisruntime.internal.mapping.view.PulseThread$1$$Lambda$404+0x0000021b8b316d10.accept(Ljava/lang/Object;)V+4 com.esri.arcgisruntime@200.4.0
j  java.util.concurrent.CopyOnWriteArrayList.forEach(Ljava/util/function/Consumer;)V+35 java.base@17.0.10
j  com.esri.arcgisruntime.internal.mapping.view.PulseThread$1.handle(J)V+8 com.esri.arcgisruntime@200.4.0
j  javafx.animation.AnimationTimer$AnimationTimerReceiver.lambda$handle$0(J)Ljava/lang/Void;+5 javafx.graphics@21.0.1
j  javafx.animation.AnimationTimer$AnimationTimerReceiver$$Lambda$403+0x0000021b8b316848.run()Ljava/lang/Object;+8 javafx.graphics@21.0.1
J 2272 c1 java.security.AccessController.doPrivileged(Ljava/security/PrivilegedAction;Ljava/security/AccessControlContext;)Ljava/lang/Object; java.base@17.0.10 (17 bytes) @ 0x0000021bee2771dc [0x0000021bee277000+0x00000000000001dc]
j  javafx.animation.AnimationTimer$AnimationTimerReceiver.handle(J)V+34 javafx.graphics@21.0.1
j  com.sun.scenario.animation.AbstractPrimaryTimer.timePulseImpl(J)V+127 javafx.graphics@21.0.1
j  com.sun.scenario.animation.AbstractPrimaryTimer$MainLoop.run()V+41 javafx.graphics@21.0.1
j  com.sun.javafx.tk.quantum.QuantumToolkit.pulse(Z)V+76 javafx.graphics@21.0.1
j  com.sun.javafx.tk.quantum.QuantumToolkit.pulse()V+2 javafx.graphics@21.0.1
j  com.sun.javafx.tk.quantum.QuantumToolkit.pulseFromQueue()V+1 javafx.graphics@21.0.1
j  com.sun.javafx.tk.quantum.QuantumToolkit.lambda$runToolkit$11()V+1 javafx.graphics@21.0.1
j  com.sun.javafx.tk.quantum.QuantumToolkit$$Lambda$97+0x0000021b8b0390e0.run()V+4 javafx.graphics@21.0.1
j  com.sun.glass.ui.InvokeLaterDispatcher$Future.run()V+4 javafx.graphics@21.0.1
v  ~StubRoutines::call_stub
j  com.sun.glass.ui.win.WinApplication._runLoop(Ljava/lang/Runnable;)V+0 javafx.graphics@21.0.1
j  com.sun.glass.ui.win.WinApplication.lambda$runLoop$3(ILjava/lang/Runnable;)V+8 javafx.graphics@21.0.1
j  com.sun.glass.ui.win.WinApplication$$Lambda$93+0x0000021b8b02d870.run()V+12 javafx.graphics@21.0.1
j  java.lang.Thread.run()V+11 java.base@17.0.10
v  ~StubRoutines::call_stub

siginfo: EXCEPTION_ACCESS_VIOLATION (0xc0000005), data execution prevention violation at address 0x00007ffc12653e68


Registers:
RAX=0x00007ffc118d6600, RBX=0x0000021bcf277a40, RCX=0x0000021bcf277a00, RDX=0x0000021bd0834690
RSP=0x000000ec29cfd808, RBP=0x0000021bd0834690, RSI=0x0000021bcf276700, RDI=0x0000021bcf277a00
R8 =0x0000021be49d9e40, R9 =0x0000000000000001, R10=0x0000000000008000, R11=0x000000ec29cfd740
R12=0x0000021bd07a3af0, R13=0x0000000000000000, R14=0x000000ec29cfd8a0, R15=0x0000021bd0834690
RIP=0x00007ffc12653e68, EFLAGS=0x0000000000010293


Register to memory mapping:

RIP=0x00007ffc12653e68 runtimecore.dll
RAX=0x00007ffc118d6600 runtimecore.dll
RBX=0x0000021bcf277a40 points into unknown readable memory: 0x005c003f003f005c | 5c 00 3f 00 3f 00 5c 00
RCX=0x0000021bcf277a00 points into unknown readable memory: 0xf0e0d0c00000000b | 0b 00 00 00 c0 d0 e0 f0
RDX=0x0000021bd0834690 points into unknown readable memory: 0x00007ffc118d9ae0 | e0 9a 8d 11 fc 7f 00 00
RSP=0x000000ec29cfd808 is pointing into the stack for thread: 0x0000021bcfefcef0
RBP=0x0000021bd0834690 points into unknown readable memory: 0x00007ffc118d9ae0 | e0 9a 8d 11 fc 7f 00 00
RSI=0x0000021bcf276700 points into unknown readable memory: 0xf0e0d0c00000000b | 0b 00 00 00 c0 d0 e0 f0
RDI=0x0000021bcf277a00 points into unknown readable memory: 0xf0e0d0c00000000b | 0b 00 00 00 c0 d0 e0 f0
R8 =0x0000021be49d9e40 points into unknown readable memory: 0x0000021be49d0cc0 | c0 0c 9d e4 1b 02 00 00
R9 =0x0000000000000001 is an unknown value
R10=0x0000000000008000 is an unknown value
R11=0x000000ec29cfd740 is pointing into the stack for thread: 0x0000021bcfefcef0
R12=0x0000021bd07a3af0 points into unknown readable memory: 0x00007ffc118da420 | 20 a4 8d 11 fc 7f 00 00
R13=0x0 is NULL
R14=0x000000ec29cfd8a0 is pointing into the stack for thread: 0x0000021bcfefcef0
R15=0x0000021bd0834690 points into unknown readable memory: 0x00007ffc118d9ae0 | e0 9a 8d 11 fc 7f 00 00


Top of Stack: (sp=0x000000ec29cfd808)
0x000000ec29cfd808:   00007ffc0e7f718b 0000021bd65fc810
0x000000ec29cfd818:   00000000ffffffff 0000021bcf277a40
0x000000ec29cfd828:   0000021bd0834690 0000021bd099b0e0
0x000000ec29cfd838:   0000021bd099b0d0 0000021bd65fc820
0x000000ec29cfd848:   0000021bd65fc810 0000021bcf277a40
0x000000ec29cfd858:   0000021bd0388670 0000021bcf276700
0x000000ec29cfd868:   00000000ffffffff 0000021bd0834738
0x000000ec29cfd878:   00007ffc0e6c126f 0000000000000000
0x000000ec29cfd888:   0000021bcf276740 0000021bcf276740
0x000000ec29cfd898:   0000000000000000 0000021bd0834690
0x000000ec29cfd8a8:   0000021bd0834680 0000000000000000
0x000000ec29cfd8b8:   0000000000000000 0000000000000000
0x000000ec29cfd8c8:   0000021bd07a3b00 00000000ffffffff
0x000000ec29cfd8d8:   00007ffc0e6c1307 0000021bcf276740
0x000000ec29cfd8e8:   000000ec29cfd9f8 000000ec29cfd9e9
0x000000ec29cfd8f8:   00007ffc118da960 0000000000000001
0x000000ec29cfd908:   0000021bd07a3b00 0000021bd07a3b00
0x000000ec29cfd918:   00007ffc0e6bd743 0000000000000000
0x000000ec29cfd928:   000000ec29cfd9f8 00000000ffffffff
0x000000ec29cfd938:   00000000ffffffff 0000000000000000
0x000000ec29cfd948:   0000000000000000 0000021bd04b57f0
0x000000ec29cfd958:   0000000000000000 0000021bd0319360
0x000000ec29cfd968:   0000021bd0319350 0000021bd07a3290
0x000000ec29cfd978:   0000021bd07a3280 0000021bd077a520
0x000000ec29cfd988:   0000021bd077a510 0000021bd07a3b00
0x000000ec29cfd998:   0000021bd07a3af0 0000021bd06ff188
0x000000ec29cfd9a8:   0000021bd07a3290 0000021bd077a520
0x000000ec29cfd9b8:   0000021bd07a3b00 0000000000000000
0x000000ec29cfd9c8:   0000000000000000 0000000000000000
0x000000ec29cfd9d8:   0000000000000000 000010fa37d226b2
0x000000ec29cfd9e8:   000000000000bb78 00000000ffffffff
0x000000ec29cfd9f8:   0000000000000000 0000000000000000 

Instructions: (pc=0x00007ffc12653e68)
0x00007ffc12653d68:   68 e2 d0 05 f0 dc bd 05 00 00 00 00 00 00 00 00
0x00007ffc12653d78:   00 00 00 00 00 00 00 00 00 00 00 00 01 00 00 00
0x00007ffc12653d88:   04 00 00 00 18 3e d0 05 00 00 00 00 00 00 00 00
0x00007ffc12653d98:   80 1f 57 06 00 00 00 00 00 00 00 00 ff ff ff ff
0x00007ffc12653da8:   00 00 00 00 40 00 00 00 98 79 d0 05 00 00 00 00
0x00007ffc12653db8:   00 00 00 00 00 00 00 00 00 00 00 00 00 00 00 00
0x00007ffc12653dc8:   01 00 00 00 f8 06 d1 05 00 00 00 00 00 00 00 00
0x00007ffc12653dd8:   01 00 00 00 00 00 00 00 00 00 00 00 00 20 3f 06
0x00007ffc12653de8:   b8 71 d1 05 d8 3d d1 05 00 00 00 00 00 00 00 00
0x00007ffc12653df8:   00 00 00 00 00 00 00 00 50 1b 57 06 01 00 00 00
0x00007ffc12653e08:   00 00 00 00 ff ff ff ff 00 00 00 00 40 00 00 00
0x00007ffc12653e18:   40 b6 d0 05 00 00 00 00 00 00 00 00 00 00 00 00
0x00007ffc12653e28:   01 00 00 00 00 00 00 00 00 00 00 00 70 84 56 06
0x00007ffc12653e38:   b0 d3 d0 05 28 3e d1 05 00 00 00 00 00 00 00 00
0x00007ffc12653e48:   00 00 00 00 00 00 00 00 00 00 00 00 01 00 00 00
0x00007ffc12653e58:   03 00 00 00 00 8f d0 05 00 00 00 00 00 00 00 00
0x00007ffc12653e68:   01 00 00 00 00 00 00 00 00 00 00 00 50 f8 56 06
0x00007ffc12653e78:   98 4e d0 05 68 3e d1 05 00 00 00 00 00 00 00 00
0x00007ffc12653e88:   00 00 00 00 00 00 00 00 d0 3e 3f 06 01 00 00 00
0x00007ffc12653e98:   00 00 00 00 ff ff ff ff 00 00 00 00 40 00 00 00
0x00007ffc12653ea8:   30 e9 d0 05 00 00 00 00 00 00 00 00 00 00 00 00
0x00007ffc12653eb8:   01 00 00 00 10 00 00 00 00 00 00 00 00 20 3f 06
0x00007ffc12653ec8:   b8 71 d1 05 b8 3e d1 05 00 00 00 00 00 00 00 00
0x00007ffc12653ed8:   00 00 00 00 00 00 00 00 e0 4a 57 06 02 00 00 00
0x00007ffc12653ee8:   00 00 00 00 ff ff ff ff 00 00 00 00 40 00 00 00
0x00007ffc12653ef8:   40 db d0 05 00 00 00 00 00 00 00 00 00 00 00 00
0x00007ffc12653f08:   50 67 57 06 07 00 00 00 00 00 00 00 ff ff ff ff
0x00007ffc12653f18:   00 00 00 00 40 00 00 00 c0 ef d0 05 00 00 00 00
0x00007ffc12653f28:   00 00 00 00 00 00 00 00 00 00 00 00 00 00 00 00
0x00007ffc12653f38:   02 00 00 00 d0 4b d1 05 00 00 00 00 00 00 00 00
0x00007ffc12653f48:   01 00 00 00 00 00 00 00 00 00 00 00 e0 55 57 06
0x00007ffc12653f58:   68 d7 d0 05 48 3f d1 05 00 00 00 00 00 00 00 00 


Stack slot to memory mapping:
stack at sp + 0 slots: 0x00007ffc0e7f718b runtimecore.dll
stack at sp + 1 slots: 0x0000021bd65fc810 points into unknown readable memory: 0x00007ffc1166f0e0 | e0 f0 66 11 fc 7f 00 00
stack at sp + 2 slots: 0x00000000ffffffff is an unknown value
stack at sp + 3 slots: 0x0000021bcf277a40 points into unknown readable memory: 0x005c003f003f005c | 5c 00 3f 00 3f 00 5c 00
stack at sp + 4 slots: 0x0000021bd0834690 points into unknown readable memory: 0x00007ffc118d9ae0 | e0 9a 8d 11 fc 7f 00 00
stack at sp + 5 slots: 0x0000021bd099b0e0 points into unknown readable memory: 0x00007ffc118d2b10 | 10 2b 8d 11 fc 7f 00 00
stack at sp + 6 slots: 0x0000021bd099b0d0 points into unknown readable memory: 0x00007ffc118dd978 | 78 d9 8d 11 fc 7f 00 00
stack at sp + 7 slots: 0x0000021bd65fc820 points into unknown readable memory: 0x00007ffc1166f5a8 | a8 f5 66 11 fc 7f 00 00


Compiled method (c1)    7166 2272       3       java.security.AccessController::doPrivileged (17 bytes)
 total in heap  [0x0000021bee276e10,0x0000021bee277548] = 1848
 relocation     [0x0000021bee276f68,0x0000021bee276ff0] = 136
 main code      [0x0000021bee277000,0x0000021bee277340] = 832
 stub code      [0x0000021bee277340,0x0000021bee2773b8] = 120
 metadata       [0x0000021bee2773b8,0x0000021bee2773d0] = 24
 scopes data    [0x0000021bee2773d0,0x0000021bee277480] = 176
 scopes pcs     [0x0000021bee277480,0x0000021bee277530] = 176
 dependencies   [0x0000021bee277530,0x0000021bee277538] = 8
 nul chk table  [0x0000021bee277538,0x0000021bee277548] = 16

[Constant Pool (empty)]

[MachCode]
[Verified Entry Point]
  # {method} {0x0000021b8a435760} 'doPrivileged' '(Ljava/security/PrivilegedAction;Ljava/security/AccessControlContext;)Ljava/lang/Object;' in 'java/security/AccessController'
  # parm0:    rdx:rdx   = 'java/security/PrivilegedAction'
  # parm1:    r8:r8     = 'java/security/AccessControlContext'
  #           [sp+0x80]  (sp of caller)
  0x0000021bee277000: 8984 2400 | 90ff ff55 | 4883 ec70 

  0x0000021bee27700c: ;   {metadata(method data for {method} {0x0000021b8a435760} 'doPrivileged' '(Ljava/security/PrivilegedAction;Ljava/security/AccessControlContext;)Ljava/lang/Object;' in 'java/security/AccessController')}
  0x0000021bee27700c: 48be 58bd | 43cc 1b02 | 0000 8bbe | cc00 0000 | 83c7 0289 | becc 0000 | 0081 e7fe | 0700 0083 
  0x0000021bee27702c: ff00 0f84 | 4402 0000 | 4c89 4424 | 4048 8954 

  0x0000021bee27703c: ;   {metadata(method data for {method} {0x0000021b8a435760} 'doPrivileged' '(Ljava/security/PrivilegedAction;Ljava/security/AccessControlContext;)Ljava/lang/Object;' in 'java/security/AccessController')}
  0x0000021bee27703c: 2448 48be | 58bd 43cc | 1b02 0000 | 4883 8610 | 0100 0001 | 0f1f 8000 

  0x0000021bee277054: ;   {static_call}
  0x0000021bee277054: 0000 00e8 

  0x0000021bee277058: ; ImmutableOopMap {[64]=Oop [72]=Oop }
                      ;*invokestatic getCallerClass {reexecute=0 rethrow=0 return_oop=0}
                      ; - java.security.AccessController::doPrivileged@0 (line 397)
  0x0000021bee277058: 6436 7207 

  0x0000021bee27705c: ;   {metadata(method data for {method} {0x0000021b8a435760} 'doPrivileged' '(Ljava/security/PrivilegedAction;Ljava/security/AccessControlContext;)Ljava/lang/Object;' in 'java/security/AccessController')}
  0x0000021bee27705c: 48ba 58bd | 43cc 1b02 | 0000 4883 | 8220 0100 | 0001 488b | 5424 404c | 8bc0 4889 | 4424 500f 
  0x0000021bee27707c: ;   {static_call}
  0x0000021bee27707c: 1f40 00e8 

  0x0000021bee277080: ; ImmutableOopMap {[72]=Oop [80]=Oop }
                      ;*invokestatic checkContext {reexecute=0 rethrow=0 return_oop=0}
                      ; - java.security.AccessController::doPrivileged@6 (line 398)
  0x0000021bee277080: 1c07 0000 | 4889 4424 

  0x0000021bee277088: ;   {metadata(method data for {method} {0x0000021b8a435760} 'doPrivileged' '(Ljava/security/PrivilegedAction;Ljava/security/AccessControlContext;)Ljava/lang/Object;' in 'java/security/AccessController')}
  0x0000021bee277088: 5848 ba58 | bd43 cc1b | 0200 0048 | 8382 3001 

  0x0000021bee277098: ;   {metadata(method data for {method} {0x0000021b8a434c80} 'executePrivileged' '(Ljava/security/PrivilegedAction;Ljava/security/AccessControlContext;Ljava/lang/Class;)Ljava/lang/Object;' in 'java/security/AccessController')}
  0x0000021bee277098: 0000 0148 | baa8 4807 | cb1b 0200 | 008b b2cc | 0000 0083 | c602 89b2 | cc00 0000 | 81e6 feff 
  0x0000021bee2770b8: 1f00 83fe | 000f 84d6 | 0100 0048 

  0x0000021bee2770c4: ;   {metadata(method data for {method} {0x0000021b8a434c80} 'executePrivileged' '(Ljava/security/PrivilegedAction;Ljava/security/AccessControlContext;Ljava/lang/Class;)Ljava/lang/Object;' in 'java/security/AccessController')}
  0x0000021bee2770c4: 83f8 0048 | baa8 4807 | cb1b 0200 | 0048 be10 | 0100 0000 | 0000 000f | 840a 0000 | 0048 be20 
  0x0000021bee2770e4: 0100 0000 | 0000 0048 | 8b3c 3248 | 8d7f 0148 | 893c 320f | 841f 0000 

  0x0000021bee2770fc: ;   {metadata(method data for {method} {0x0000021b8a434c80} 'executePrivileged' '(Ljava/security/PrivilegedAction;Ljava/security/AccessControlContext;Ljava/lang/Class;)Ljava/lang/Object;' in 'java/security/AccessController')}
  0x0000021bee2770fc: 0048 baa8 | 4807 cb1b | 0200 0048 | 8382 3001 | 0000 0148 | 8bd0 0f1f 

  0x0000021bee277114: ;   {static_call}
  0x0000021bee277114: 4400 00e8 

  0x0000021bee277118: ; ImmutableOopMap {[72]=Oop [80]=Oop [88]=Oop }
                      ;*invokestatic ensureMaterializedForStackWalk {reexecute=0 rethrow=0 return_oop=0}
                      ; - java.security.AccessController::executePrivileged@5 (line 772)
                      ; - java.security.AccessController::doPrivileged@13 (line 399)
  0x0000021bee277118: 2417 7d07 

  0x0000021bee27711c: ;   {metadata(method data for {method} {0x0000021b8a434c80} 'executePrivileged' '(Ljava/security/PrivilegedAction;Ljava/security/AccessControlContext;Ljava/lang/Class;)Ljava/lang/Object;' in 'java/security/AccessController')}
  0x0000021bee27711c: 48ba a848 | 07cb 1b02 | 0000 ff82 | 4001 0000 | 488b 5424 | 4848 3b02 

  0x0000021bee277134: ;   {metadata(method data for {method} {0x0000021b8a434c80} 'executePrivileged' '(Ljava/security/PrivilegedAction;Ljava/security/AccessControlContext;Ljava/lang/Class;)Ljava/lang/Object;' in 'java/security/AccessController')}
  0x0000021bee277134: 488b f248 | bfa8 4807 | cb1b 0200 | 008b 7608 | 49ba 0000 | 008a 1b02 | 0000 4903 | f248 3bb7 
  0x0000021bee277154: b001 0000 | 750d 4883 | 87b8 0100 | 0001 e966 | 0000 0048 | 3bb7 c001 | 0000 750d | 4883 87c8 
  0x0000021bee277174: 0100 0001 | e950 0000 | 0048 81bf | b001 0000 | 0000 0000 | 7517 4889 | b7b0 0100 | 0048 c787 
  0x0000021bee277194: b801 0000 | 0100 0000 | e92c 0000 | 0048 81bf | c001 0000 | 0000 0000 | 7517 4889 | b7c0 0100 
  0x0000021bee2771b4: 0048 c787 | c801 0000 | 0100 0000 | e908 0000 | 0048 8387 | a001 0000 | 0148 b840 | 0db9 d01b 
  0x0000021bee2771d4: ;   {virtual_call}
  0x0000021bee2771d4: 0200 00e8 

  0x0000021bee2771d8: ; ImmutableOopMap {[80]=Oop [88]=Oop }
                      ;*invokeinterface run {reexecute=0 rethrow=0 return_oop=0}
                      ; - java.security.AccessController::executePrivileged@29 (line 776)
                      ; - java.security.AccessController::doPrivileged@13 (line 399)
  0x0000021bee2771d8: b4c8 2307 

  0x0000021bee2771dc: ;   {metadata(method data for {method} {0x0000021b8a434c80} 'executePrivileged' '(Ljava/security/PrivilegedAction;Ljava/security/AccessControlContext;Ljava/lang/Class;)Ljava/lang/Object;' in 'java/security/AccessController')}
  0x0000021bee2771dc: 48be a848 | 07cb 1b02 | 0000 ff86 | d801 0000 | 488b 7424 

  0x0000021bee2771f0: ;   {metadata(method data for {method} {0x0000021b8a434c80} 'executePrivileged' '(Ljava/security/PrivilegedAction;Ljava/security/AccessControlContext;Ljava/lang/Class;)Ljava/lang/Object;' in 'java/security/AccessController')}
  0x0000021bee2771f0: 5048 bfa8 | 4807 cb1b | 0200 0048 | 8387 3802 

  0x0000021bee277200: ;   {metadata(method data for {method} {0x0000021b8a3dd0e8} 'reachabilityFence' '(Ljava/lang/Object;)V' in 'java/lang/ref/Reference')}
  0x0000021bee277200: 0000 0148 | bf98 5004 | cb1b 0200 | 008b 9fcc | 0000 0083 | c302 899f | cc00 0000 | 81e3 feff 
  0x0000021bee277220: 1f00 83fb | 000f 8494 

  0x0000021bee277228: ;   {metadata(method data for {method} {0x0000021b8a434c80} 'executePrivileged' '(Ljava/security/PrivilegedAction;Ljava/security/AccessControlContext;Ljava/lang/Class;)Ljava/lang/Object;' in 'java/security/AccessController')}
  0x0000021bee277228: 0000 0048 | bea8 4807 | cb1b 0200 | 0048 8386 | 4802 0000 

  0x0000021bee27723c: ;   {metadata(method data for {method} {0x0000021b8a3dd0e8} 'reachabilityFence' '(Ljava/lang/Object;)V' in 'java/lang/ref/Reference')}
  0x0000021bee27723c: 0148 be98 | 5004 cb1b | 0200 008b | becc 0000 | 0083 c702 | 89be cc00 | 0000 81e7 | feff 1f00 
  0x0000021bee27725c: 83ff 000f | 847b 0000 | 0048 83c4 

  0x0000021bee277268: ;   {poll_return}
  0x0000021bee277268: 705d 493b | a750 0300 | 000f 878a | 0000 00c3 

  0x0000021bee277278: ;   {metadata({method} {0x0000021b8a435760} 'doPrivileged' '(Ljava/security/PrivilegedAction;Ljava/security/AccessControlContext;)Ljava/lang/Object;' in 'java/security/AccessController')}
  0x0000021bee277278: 49ba 5857 | 438a 1b02 | 0000 4c89 | 5424 0848 | c704 24ff 

  0x0000021bee27728c: ;   {runtime_call counter_overflow Runtime1 stub}
  0x0000021bee27728c: ffff ffe8 

  0x0000021bee277290: ; ImmutableOopMap {rdx=Oop r8=Oop }
                      ;*synchronization entry
                      ; - java.security.AccessController::doPrivileged@-1 (line 397)
  0x0000021bee277290: ec39 2307 | e99b fdff 

  0x0000021bee277298: ;   {metadata({method} {0x0000021b8a434c80} 'executePrivileged' '(Ljava/security/PrivilegedAction;Ljava/security/AccessControlContext;Ljava/lang/Class;)Ljava/lang/Object;' in 'java/security/AccessController')}
  0x0000021bee277298: ff49 ba78 | 4c43 8a1b | 0200 004c | 8954 2408 | 48c7 0424 | ffff ffff 

  0x0000021bee2772b0: ;   {runtime_call counter_overflow Runtime1 stub}
  0x0000021bee2772b0: e8cb 3923 

  0x0000021bee2772b4: ; ImmutableOopMap {[72]=Oop [80]=Oop rax=Oop [88]=Oop }
                      ;*synchronization entry
                      ; - java.security.AccessController::executePrivileged@-1 (line 771)
                      ; - java.security.AccessController::doPrivileged@13 (line 399)
  0x0000021bee2772b4: 07e9 09fe 

  0x0000021bee2772b8: ;   {runtime_call throw_null_pointer_exception Runtime1 stub}
  0x0000021bee2772b8: ffff e8e1 

  0x0000021bee2772bc: ; ImmutableOopMap {[80]=Oop rdx=Oop [88]=Oop }
                      ;*invokeinterface run {reexecute=0 rethrow=0 return_oop=0}
                      ; - java.security.AccessController::executePrivileged@29 (line 776)
                      ; - java.security.AccessController::doPrivileged@13 (line 399)
                      ;   {metadata({method} {0x0000021b8a3dd0e8} 'reachabilityFence' '(Ljava/lang/Object;)V' in 'java/lang/ref/Reference')}
  0x0000021bee2772bc: d922 0749 | bae0 d03d | 8a1b 0200 | 004c 8954 | 2408 48c7 | 0424 ffff 

  0x0000021bee2772d4: ;   {runtime_call counter_overflow Runtime1 stub}
  0x0000021bee2772d4: ffff e8a5 

  0x0000021bee2772d8: ; ImmutableOopMap {rax=Oop rsi=Oop }
                      ;*synchronization entry
                      ; - java.lang.ref.Reference::reachabilityFence@-1 (line 621)
                      ; - java.security.AccessController::executePrivileged@56 (line 781)
                      ; - java.security.AccessController::doPrivileged@13 (line 399)
  0x0000021bee2772d8: 3923 07e9 | 4bff ffff 

  0x0000021bee2772e0: ;   {metadata({method} {0x0000021b8a3dd0e8} 'reachabilityFence' '(Ljava/lang/Object;)V' in 'java/lang/ref/Reference')}
  0x0000021bee2772e0: 49ba e0d0 | 3d8a 1b02 | 0000 4c89 | 5424 0848 | c704 24ff 

  0x0000021bee2772f4: ;   {runtime_call counter_overflow Runtime1 stub}
  0x0000021bee2772f4: ffff ffe8 

  0x0000021bee2772f8: ; ImmutableOopMap {rax=Oop }
                      ;*synchronization entry
                      ; - java.lang.ref.Reference::reachabilityFence@-1 (line 621)
                      ; - java.security.AccessController::executePrivileged@60 (line 782)
                      ; - java.security.AccessController::doPrivileged@13 (line 399)
  0x0000021bee2772f8: 8439 2307 | e964 ffff 

  0x0000021bee277300: ;   {internal_word}
  0x0000021bee277300: ff49 ba6a | 7227 ee1b | 0200 004d | 8997 6803 

  0x0000021bee277310: ;   {runtime_call SafepointBlob}
  0x0000021bee277310: 0000 e9e9 | 0619 0790 | 9049 8b87 | e003 0000 | 49c7 87e0 | 0300 0000 | 0000 0049 | c787 e803 
  0x0000021bee277330: 0000 0000 | 0000 4883 

  0x0000021bee277338: ;   {runtime_call unwind_exception Runtime1 stub}
  0x0000021bee277338: c470 5de9 | c0f9 1907 
[Stub Code]
  0x0000021bee277340: ;   {no_reloc}
  0x0000021bee277340: 0f1f 4400 

  0x0000021bee277344: ;   {static_stub}
  0x0000021bee277344: 0048 bb00 | 0000 0000 

  0x0000021bee27734c: ;   {runtime_call}
  0x0000021bee27734c: 0000 00e9 | fbff ffff 

  0x0000021bee277354: ;   {static_stub}
  0x0000021bee277354: 9048 bb00 | 0000 0000 

  0x0000021bee27735c: ;   {runtime_call}
  0x0000021bee27735c: 0000 00e9 | fbff ffff 

  0x0000021bee277364: ;   {static_stub}
  0x0000021bee277364: 9048 bbf0 | 5b43 8a1b 

  0x0000021bee27736c: ;   {runtime_call I2C/C2I adapters}
  0x0000021bee27736c: 0200 00e9 | e5e9 1807 

  0x0000021bee277374: ;   {static_stub}
  0x0000021bee277374: 9048 bb00 | 0000 0000 

  0x0000021bee27737c: ;   {runtime_call}
  0x0000021bee27737c: 0000 00e9 | fbff ffff 
[Exception Handler]
  0x0000021bee277384: ;   {runtime_call handle_exception_from_callee Runtime1 stub}
  0x0000021bee277384: e8f7 0223 

  0x0000021bee277388: ;   {external_word}
  0x0000021bee277388: 0748 b940 | 9a9f 1bfc | 7f00 0048 

  0x0000021bee277394: ;   {runtime_call}
  0x0000021bee277394: 83e4 f049 | ba60 2d68 | 1bfc 7f00 | 0041 ffd2 

  0x0000021bee2773a4: ;   {section_word}
  0x0000021bee2773a4: f449 baa5 | 7327 ee1b | 0200 0041 

  0x0000021bee2773b0: ;   {runtime_call DeoptimizationBlob}
  0x0000021bee2773b0: 52e9 eaf8 | 1807 f4f4 
[/MachCode]


---------------  P R O C E S S  ---------------

Threads class SMR info:
_java_thread_list=0x0000021bd0800bd0, length=22, elements={
0x0000021be633be10, 0x0000021bffff8310, 0x0000021bffff97a0, 0x0000021bcf012820,
0x0000021bcf0132f0, 0x0000021bcf015dc0, 0x0000021bcf016780, 0x0000021bcf01a970,
0x0000021bcf025e60, 0x0000021bcf03b070, 0x0000021bfffdec10, 0x0000021bcfa796a0,
0x0000021bcf8ce440, 0x0000021bcfdc1410, 0x0000021bcfefcef0, 0x0000021bd0199f90,
0x0000021bd0151ce0, 0x0000021bd0502ff0, 0x0000021bd0503f20, 0x0000021bd0504430,
0x0000021bd0504e50, 0x0000021bd0b13060
}

Java Threads: ( => current thread )
  0x0000021be633be10 JavaThread "main" [_thread_blocked, id=5308, stack(0x000000ec28700000,0x000000ec28800000)]
  0x0000021bffff8310 JavaThread "Reference Handler" daemon [_thread_blocked, id=13128, stack(0x000000ec28e00000,0x000000ec28f00000)]
  0x0000021bffff97a0 JavaThread "Finalizer" daemon [_thread_blocked, id=2524, stack(0x000000ec28f00000,0x000000ec29000000)]
  0x0000021bcf012820 JavaThread "Signal Dispatcher" daemon [_thread_blocked, id=26720, stack(0x000000ec29000000,0x000000ec29100000)]
  0x0000021bcf0132f0 JavaThread "Attach Listener" daemon [_thread_blocked, id=15412, stack(0x000000ec29100000,0x000000ec29200000)]
  0x0000021bcf015dc0 JavaThread "Service Thread" daemon [_thread_blocked, id=24172, stack(0x000000ec29200000,0x000000ec29300000)]
  0x0000021bcf016780 JavaThread "Monitor Deflation Thread" daemon [_thread_blocked, id=18300, stack(0x000000ec29300000,0x000000ec29400000)]
  0x0000021bcf01a970 JavaThread "C2 CompilerThread0" daemon [_thread_blocked, id=13584, stack(0x000000ec29400000,0x000000ec29500000)]
  0x0000021bcf025e60 JavaThread "C1 CompilerThread0" daemon [_thread_blocked, id=25492, stack(0x000000ec29500000,0x000000ec29600000)]
  0x0000021bcf03b070 JavaThread "Sweeper thread" daemon [_thread_blocked, id=20968, stack(0x000000ec29600000,0x000000ec29700000)]
  0x0000021bfffdec10 JavaThread "Common-Cleaner" daemon [_thread_blocked, id=24500, stack(0x000000ec29700000,0x000000ec29800000)]
  0x0000021bcfa796a0 JavaThread "Notification Thread" daemon [_thread_blocked, id=19696, stack(0x000000ec29a00000,0x000000ec29b00000)]
  0x0000021bcf8ce440 JavaThread "QuantumRenderer-0" daemon [_thread_blocked, id=24136, stack(0x000000ec29800000,0x000000ec29900000)]
  0x0000021bcfdc1410 JavaThread "InvokeLaterDispatcher" daemon [_thread_blocked, id=26416, stack(0x000000ec29900000,0x000000ec29a00000)]
=>0x0000021bcfefcef0 JavaThread "JavaFX Application Thread" [_thread_in_native, id=11828, stack(0x000000ec29c00000,0x000000ec29d00000)]
  0x0000021bd0199f90 JavaThread "Thread-1" daemon [_thread_in_native, id=14752, stack(0x000000ec2a500000,0x000000ec2a600000)]
  0x0000021bd0151ce0 JavaThread "JavaFX-Launcher" [_thread_blocked, id=20868, stack(0x000000ec2a600000,0x000000ec2a700000)]
  0x0000021bd0502ff0 JavaThread "Cleaner-0" daemon [_thread_blocked, id=18852, stack(0x000000ec2ab00000,0x000000ec2ac00000)]
  0x0000021bd0503f20 JavaThread "Thread-3" [_thread_blocked, id=28744, stack(0x000000ec2b300000,0x000000ec2b400000)]
  0x0000021bd0504430 JavaThread "Prism Font Disposer" daemon [_thread_blocked, id=20248, stack(0x000000ec2b600000,0x000000ec2b700000)]
  0x0000021bd0504e50 JavaThread "Thread-4" [_thread_blocked, id=24588, stack(0x000000ec2b900000,0x000000ec2ba00000)]
  0x0000021bd0b13060 JavaThread "Thread-5" [_thread_blocked, id=16324, stack(0x000000ec2ba00000,0x000000ec2bb00000)]

Other Threads:
  0x0000021bffff05e0 VMThread "VM Thread" [stack: 0x000000ec28d00000,0x000000ec28e00000] [id=19884]
  0x0000021bcfa27c10 WatcherThread [stack: 0x000000ec29b00000,0x000000ec29c00000] [id=28980]
  0x0000021be63a6680 GCTaskThread "GC Thread#0" [stack: 0x000000ec28800000,0x000000ec28900000] [id=26896]
  0x0000021bd00b4af0 GCTaskThread "GC Thread#1" [stack: 0x000000ec2a000000,0x000000ec2a100000] [id=17828]
  0x0000021bd015e710 GCTaskThread "GC Thread#2" [stack: 0x000000ec2a100000,0x000000ec2a200000] [id=22432]
  0x0000021bd012bce0 GCTaskThread "GC Thread#3" [stack: 0x000000ec2a200000,0x000000ec2a300000] [id=26040]
  0x0000021bd00b3140 GCTaskThread "GC Thread#4" [stack: 0x000000ec2a300000,0x000000ec2a400000] [id=25116]
  0x0000021bd00b3810 GCTaskThread "GC Thread#5" [stack: 0x000000ec2a400000,0x000000ec2a500000] [id=18044]
  0x0000021bd08c9560 GCTaskThread "GC Thread#6" [stack: 0x000000ec2aa00000,0x000000ec2ab00000] [id=5072]
  0x0000021bd0bac970 GCTaskThread "GC Thread#7" [stack: 0x000000ec2ac00000,0x000000ec2ad00000] [id=29044]
  0x0000021bd084d940 GCTaskThread "GC Thread#8" [stack: 0x000000ec2ad00000,0x000000ec2ae00000] [id=14828]
  0x0000021bd08fd1d0 GCTaskThread "GC Thread#9" [stack: 0x000000ec2ae00000,0x000000ec2af00000] [id=23200]
  0x0000021be63b71a0 ConcurrentGCThread "G1 Main Marker" [stack: 0x000000ec28900000,0x000000ec28a00000] [id=15392]
  0x0000021be63b9370 ConcurrentGCThread "G1 Conc#0" [stack: 0x000000ec28a00000,0x000000ec28b00000] [id=17820]
  0x0000021bd6a842f0 ConcurrentGCThread "G1 Conc#1" [stack: 0x000000ec2b700000,0x000000ec2b800000] [id=1996]
  0x0000021bd6a83ab0 ConcurrentGCThread "G1 Conc#2" [stack: 0x000000ec2b800000,0x000000ec2b900000] [id=21288]
  0x0000021be63ee510 ConcurrentGCThread "G1 Refine#0" [stack: 0x000000ec28b00000,0x000000ec28c00000] [id=30532]
  0x0000021bffea91d0 ConcurrentGCThread "G1 Service" [stack: 0x000000ec28c00000,0x000000ec28d00000] [id=21552]

Threads with active compile tasks:

VM state: not at safepoint (normal execution)

VM Mutex/Monitor currently owned by a thread: None

Heap address: 0x0000000704200000, size: 4030 MB, Compressed Oops mode: Zero based, Oop shift amount: 3

CDS archive(s) mapped at: [0x0000021b8a000000-0x0000021b8abb0000-0x0000021b8abb0000), size 12255232, SharedBaseAddress: 0x0000021b8a000000, ArchiveRelocationMode: 1.
Compressed class space mapped at: 0x0000021b8b000000-0x0000021bcb000000, reserved size: 1073741824
Narrow klass base: 0x0000021b8a000000, Narrow klass shift: 0, Narrow klass range: 0x100000000

GC Precious Log:
 CPUs: 12 total, 12 available
 Memory: 16117M
 Large Page Support: Disabled
 NUMA Support: Disabled
 Compressed Oops: Enabled (Zero based)
 Heap Region Size: 2M
 Heap Min Capacity: 8M
 Heap Initial Capacity: 252M
 Heap Max Capacity: 4030M
 Pre-touch: Disabled
 Parallel Workers: 10
 Concurrent Workers: 3
 Concurrent Refinement Workers: 10
 Periodic GC: Disabled

Heap:
 garbage-first heap   total 49152K, used 29189K [0x0000000704200000, 0x0000000800000000)
  region size 2048K, 15 young (30720K), 4 survivors (8192K)
 Metaspace       used 26956K, committed 27200K, reserved 1114112K
  class space    used 3844K, committed 3968K, reserved 1048576K

Heap Regions: E=young(eden), S=young(survivor), O=old, HS=humongous(starts), HC=humongous(continues), CS=collection set, F=free, OA=open archive, CA=closed archive, TAMS=top-at-mark-start (previous, next)
|   0|0x0000000704200000, 0x00000007043e4000, 0x0000000704400000| 94%| O|  |TAMS 0x0000000704200000, 0x0000000704200000| Untracked 
|   1|0x0000000704400000, 0x0000000704400000, 0x0000000704600000|  0%| F|  |TAMS 0x0000000704400000, 0x0000000704400000| Untracked 
|   2|0x0000000704600000, 0x0000000704600000, 0x0000000704800000|  0%| F|  |TAMS 0x0000000704600000, 0x0000000704600000| Untracked 
|   3|0x0000000704800000, 0x0000000704800000, 0x0000000704a00000|  0%| F|  |TAMS 0x0000000704800000, 0x0000000704800000| Untracked 
|   4|0x0000000704a00000, 0x0000000704a00000, 0x0000000704c00000|  0%| F|  |TAMS 0x0000000704a00000, 0x0000000704a00000| Untracked 
|   5|0x0000000704c00000, 0x0000000704c00000, 0x0000000704e00000|  0%| F|  |TAMS 0x0000000704c00000, 0x0000000704c00000| Untracked 
|   6|0x0000000704e00000, 0x0000000704e00000, 0x0000000705000000|  0%| F|  |TAMS 0x0000000704e00000, 0x0000000704e00000| Untracked 
|   7|0x0000000705000000, 0x0000000705000000, 0x0000000705200000|  0%| F|  |TAMS 0x0000000705000000, 0x0000000705000000| Untracked 
|   8|0x0000000705200000, 0x0000000705200000, 0x0000000705400000|  0%| F|  |TAMS 0x0000000705200000, 0x0000000705200000| Untracked 
|   9|0x0000000705400000, 0x00000007055bc988, 0x0000000705600000| 86%| E|  |TAMS 0x0000000705400000, 0x0000000705400000| Complete 
|  10|0x0000000705600000, 0x0000000705800000, 0x0000000705800000|100%| E|CS|TAMS 0x0000000705600000, 0x0000000705600000| Complete 
|  11|0x0000000705800000, 0x0000000705a00000, 0x0000000705a00000|100%| E|CS|TAMS 0x0000000705800000, 0x0000000705800000| Complete 
|  12|0x0000000705a00000, 0x0000000705c00000, 0x0000000705c00000|100%| E|CS|TAMS 0x0000000705a00000, 0x0000000705a00000| Complete 
|  13|0x0000000705c00000, 0x0000000705e00000, 0x0000000705e00000|100%| E|CS|TAMS 0x0000000705c00000, 0x0000000705c00000| Complete 
|  14|0x0000000705e00000, 0x0000000706000000, 0x0000000706000000|100%| E|CS|TAMS 0x0000000705e00000, 0x0000000705e00000| Complete 
|  15|0x0000000706000000, 0x0000000706200000, 0x0000000706200000|100%| E|CS|TAMS 0x0000000706000000, 0x0000000706000000| Complete 
|  16|0x0000000706200000, 0x0000000706400000, 0x0000000706400000|100%| E|CS|TAMS 0x0000000706200000, 0x0000000706200000| Complete 
|  17|0x0000000706400000, 0x0000000706600000, 0x0000000706600000|100%| E|CS|TAMS 0x0000000706400000, 0x0000000706400000| Complete 
| 106|0x0000000711600000, 0x000000071169d4c0, 0x0000000711800000| 30%| S|CS|TAMS 0x0000000711600000, 0x0000000711600000| Complete 
| 107|0x0000000711800000, 0x0000000711a00000, 0x0000000711a00000|100%| S|CS|TAMS 0x0000000711800000, 0x0000000711800000| Complete 
| 108|0x0000000711a00000, 0x0000000711c00000, 0x0000000711c00000|100%| S|CS|TAMS 0x0000000711a00000, 0x0000000711a00000| Complete 
| 109|0x0000000711c00000, 0x0000000711e00000, 0x0000000711e00000|100%| S|CS|TAMS 0x0000000711c00000, 0x0000000711c00000| Complete 
| 124|0x0000000713a00000, 0x0000000713c00000, 0x0000000713c00000|100%| E|CS|TAMS 0x0000000713a00000, 0x0000000713a00000| Complete 
| 125|0x0000000713c00000, 0x0000000713e00000, 0x0000000713e00000|100%| E|CS|TAMS 0x0000000713c00000, 0x0000000713c00000| Complete 

Card table byte_map: [0x0000021bfe300000,0x0000021bfeae0000] _byte_map_base: 0x0000021bfaadf000

Marking Bits (Prev, Next): (CMBitMap*) 0x0000021be63a6ce0, (CMBitMap*) 0x0000021be63a6ca0
 Prev Bits: [0x0000021b83f00000, 0x0000021b87df8000)
 Next Bits: [0x0000021b80000000, 0x0000021b83ef8000)

Polling page: 0x0000021be48c0000

Metaspace:

Usage:
  Non-class:     22.57 MB used.
      Class:      3.75 MB used.
       Both:     26.32 MB used.

Virtual space:
  Non-class space:       64.00 MB reserved,      22.69 MB ( 35%) committed,  1 nodes.
      Class space:        1.00 GB reserved,       3.88 MB ( <1%) committed,  1 nodes.
             Both:        1.06 GB reserved,      26.56 MB (  2%) committed. 

Chunk freelists:
   Non-Class:  8.70 MB
       Class:  12.10 MB
        Both:  20.80 MB

MaxMetaspaceSize: unlimited
CompressedClassSpaceSize: 1.00 GB
Initial GC threshold: 21.00 MB
Current GC threshold: 35.12 MB
CDS: on
MetaspaceReclaimPolicy: balanced
 - commit_granule_bytes: 65536.
 - commit_granule_words: 8192.
 - virtual_space_node_default_size: 8388608.
 - enlarge_chunks_in_place: 1.
 - new_chunks_are_fully_committed: 0.
 - uncommit_free_chunks: 1.
 - use_allocation_guard: 0.
 - handle_deallocations: 1.


Internal statistics:

num_allocs_failed_limit: 3.
num_arena_births: 248.
num_arena_deaths: 0.
num_vsnodes_births: 2.
num_vsnodes_deaths: 0.
num_space_committed: 419.
num_space_uncommitted: 0.
num_chunks_returned_to_freelist: 3.
num_chunks_taken_from_freelist: 989.
num_chunk_merges: 3.
num_chunk_splits: 715.
num_chunks_enlarged: 567.
num_inconsistent_stats: 0.

CodeHeap 'non-profiled nmethods': size=120000Kb used=1041Kb max_used=1041Kb free=118958Kb
 bounds [0x0000021bf5950000, 0x0000021bf5bc0000, 0x0000021bfce80000]
CodeHeap 'profiled nmethods': size=120000Kb used=4428Kb max_used=4428Kb free=115571Kb
 bounds [0x0000021bede80000, 0x0000021bee2e0000, 0x0000021bf53b0000]
CodeHeap 'non-nmethods': size=5760Kb used=1484Kb max_used=1545Kb free=4275Kb
 bounds [0x0000021bf53b0000, 0x0000021bf5620000, 0x0000021bf5950000]
 total_blobs=3338 nmethods=2486 adapters=764
 compilation: enabled
              stopped_count=0, restarted_count=0
 full_count=0

Compilation events (20 events):
Event: 6.214 Thread 0x0000021bcf025e60 2472       3       javafx.scene.layout.Region::getSnapScaleX (8 bytes)
Event: 6.215 Thread 0x0000021bcf025e60 nmethod 2472 0x0000021bee2ccc10 code [0x0000021bee2cce60, 0x0000021bee2cd7a8]
Event: 6.215 Thread 0x0000021bcf025e60 2474       3       com.sun.javafx.scene.NodeHelper::markDirty (10 bytes)
Event: 6.215 Thread 0x0000021bcf025e60 nmethod 2474 0x0000021bee2cda10 code [0x0000021bee2cdbc0, 0x0000021bee2cddb8]
Event: 6.215 Thread 0x0000021bcf025e60 2475       3       com.sun.javafx.collections.VetoableListDecorator::get (11 bytes)
Event: 6.215 Thread 0x0000021bcf025e60 nmethod 2475 0x0000021bee2cde90 code [0x0000021bee2ce040, 0x0000021bee2ce228]
Event: 6.215 Thread 0x0000021bcf025e60 2476       3       com.sun.javafx.geom.RectBounds::getBoundsType (4 bytes)
Event: 6.215 Thread 0x0000021bcf025e60 nmethod 2476 0x0000021bee2ce310 code [0x0000021bee2ce4a0, 0x0000021bee2ce5b8]
Event: 6.215 Thread 0x0000021bcf025e60 2473       3       javafx.scene.layout.Region::getSnapScaleY (8 bytes)
Event: 6.216 Thread 0x0000021bcf025e60 nmethod 2473 0x0000021bee2ce690 code [0x0000021bee2ce8e0, 0x0000021bee2cf228]
Event: 6.216 Thread 0x0000021bcf025e60 2479       3       javafx.scene.Node::getClip (21 bytes)
Event: 6.216 Thread 0x0000021bcf025e60 nmethod 2479 0x0000021bee2cf490 code [0x0000021bee2cf660, 0x0000021bee2cfba8]
Event: 6.216 Thread 0x0000021bcf025e60 2480       1       com.sun.javafx.sg.prism.NGNode::isShape3D (2 bytes)
Event: 6.216 Thread 0x0000021bcf025e60 nmethod 2480 0x0000021bf5a53a90 code [0x0000021bf5a53c20, 0x0000021bf5a53cf8]
Event: 6.216 Thread 0x0000021bcf025e60 2477       1       com.sun.javafx.geom.transform.AffineBase::getMxt (5 bytes)
Event: 6.216 Thread 0x0000021bcf025e60 nmethod 2477 0x0000021bf5a53d90 code [0x0000021bf5a53f20, 0x0000021bf5a53ff8]
Event: 6.216 Thread 0x0000021bcf025e60 2478       1       com.sun.javafx.geom.transform.AffineBase::getMyt (5 bytes)
Event: 6.216 Thread 0x0000021bcf025e60 nmethod 2478 0x0000021bf5a54090 code [0x0000021bf5a54220, 0x0000021bf5a542f8]
Event: 6.217 Thread 0x0000021bcf025e60 2481   !   3       com.sun.prism.impl.BaseContext::checkDisposed (34 bytes)
Event: 6.217 Thread 0x0000021bcf025e60 nmethod 2481 0x0000021bee2cfd10 code [0x0000021bee2cfea0, 0x0000021bee2cffd8]

GC Heap History (6 events):
Event: 1.239 GC heap before
{Heap before GC invocations=0 (full 0):
 garbage-first heap   total 258048K, used 20480K [0x0000000704200000, 0x0000000800000000)
  region size 2048K, 11 young (22528K), 0 survivors (0K)
 Metaspace       used 3423K, committed 3648K, reserved 1114112K
  class space    used 345K, committed 448K, reserved 1048576K
}
Event: 1.244 GC heap after
{Heap after GC invocations=1 (full 0):
 garbage-first heap   total 258048K, used 2101K [0x0000000704200000, 0x0000000800000000)
  region size 2048K, 2 young (4096K), 2 survivors (4096K)
 Metaspace       used 3423K, committed 3648K, reserved 1114112K
  class space    used 345K, committed 448K, reserved 1048576K
}
Event: 3.196 GC heap before
{Heap before GC invocations=1 (full 0):
 garbage-first heap   total 258048K, used 38965K [0x0000000704200000, 0x0000000800000000)
  region size 2048K, 21 young (43008K), 2 survivors (4096K)
 Metaspace       used 13545K, committed 13760K, reserved 1114112K
  class space    used 1762K, committed 1856K, reserved 1048576K
}
Event: 3.272 GC heap after
{Heap after GC invocations=2 (full 0):
 garbage-first heap   total 258048K, used 6033K [0x0000000704200000, 0x0000000800000000)
  region size 2048K, 3 young (6144K), 3 survivors (6144K)
 Metaspace       used 13545K, committed 13760K, reserved 1114112K
  class space    used 1762K, committed 1856K, reserved 1048576K
}
Event: 3.897 GC heap before
{Heap before GC invocations=2 (full 0):
 garbage-first heap   total 258048K, used 34705K [0x0000000704200000, 0x0000000800000000)
  region size 2048K, 19 young (38912K), 3 survivors (6144K)
 Metaspace       used 21267K, committed 21504K, reserved 1114112K
  class space    used 3140K, committed 3264K, reserved 1048576K
}
Event: 3.904 GC heap after
{Heap after GC invocations=3 (full 0):
 garbage-first heap   total 258048K, used 8709K [0x0000000704200000, 0x0000000800000000)
  region size 2048K, 4 young (8192K), 4 survivors (8192K)
 Metaspace       used 21267K, committed 21504K, reserved 1114112K
  class space    used 3140K, committed 3264K, reserved 1048576K
}

Dll operation events (20 events):
Event: 0.856 Loaded shared library C:\Users\mar10115\.openjfx\cache\21.0.1+6\amd64\api-ms-win-crt-private-l1-1-0.dll
Event: 0.864 Loaded shared library C:\Users\mar10115\.openjfx\cache\21.0.1+6\amd64\api-ms-win-crt-process-l1-1-0.dll
Event: 0.871 Loaded shared library C:\Users\mar10115\.openjfx\cache\21.0.1+6\amd64\api-ms-win-crt-runtime-l1-1-0.dll
Event: 0.879 Loaded shared library C:\Users\mar10115\.openjfx\cache\21.0.1+6\amd64\api-ms-win-crt-stdio-l1-1-0.dll
Event: 0.886 Loaded shared library C:\Users\mar10115\.openjfx\cache\21.0.1+6\amd64\api-ms-win-crt-string-l1-1-0.dll
Event: 0.895 Loaded shared library C:\Users\mar10115\.openjfx\cache\21.0.1+6\amd64\api-ms-win-crt-time-l1-1-0.dll
Event: 0.903 Loaded shared library C:\Users\mar10115\.openjfx\cache\21.0.1+6\amd64\api-ms-win-crt-utility-l1-1-0.dll
Event: 0.927 Loaded shared library C:\Users\mar10115\.openjfx\cache\21.0.1+6\amd64\ucrtbase.dll
Event: 0.936 Loaded shared library C:\Users\mar10115\.openjfx\cache\21.0.1+6\amd64\vcruntime140.dll
Event: 0.945 Loaded shared library C:\Users\mar10115\.openjfx\cache\21.0.1+6\amd64\vcruntime140_1.dll
Event: 0.965 Loaded shared library C:\Users\mar10115\.openjfx\cache\21.0.1+6\amd64\msvcp140.dll
Event: 0.973 Loaded shared library C:\Users\mar10115\.openjfx\cache\21.0.1+6\amd64\msvcp140_1.dll
Event: 0.984 Loaded shared library C:\Users\mar10115\.openjfx\cache\21.0.1+6\amd64\msvcp140_2.dll
Event: 1.058 Loaded shared library C:\Users\mar10115\.openjfx\cache\21.0.1+6\amd64\prism_d3d.dll
Event: 1.145 Loaded shared library C:\Users\mar10115\.openjfx\cache\21.0.1+6\amd64\glass.dll
Event: 1.405 Loaded shared library C:\Program Files\Eclipse Adoptium\jdk-17.0.10.7-hotspot\bin\jimage.dll
Event: 1.439 Loaded shared library C:\Users\mar10115\.openjfx\cache\21.0.1+6\amd64\javafx_font.dll
Event: 1.806 Loaded shared library C:\applications1\runtime_dependencies\jniLibs\WIN64\runtimecore.dll
Event: 1.822 Loaded shared library C:\applications1\runtime_dependencies\jniLibs\WIN64\runtimecore_java.dll
Event: 3.494 Loaded shared library C:\Program Files\Eclipse Adoptium\jdk-17.0.10.7-hotspot\bin\sunmscapi.dll

Deoptimization events (20 events):
Event: 5.784 Thread 0x0000021bd0504e50 Uncommon trap: trap_request=0xffffffde fr.pc=0x0000021bf5a36c64 relative=0x0000000000000244
Event: 5.784 Thread 0x0000021bd0504e50 Uncommon trap: reason=class_check action=maybe_recompile pc=0x0000021bf5a36c64 method=sun.security.util.math.intpoly.IntegerPolynomial$MutableElement.setSum(Lsun/security/util/math/IntegerModuloP;)Lsun/security/util/math/intpoly/IntegerPolynomial$MutableE
Event: 5.784 Thread 0x0000021bd0504e50 DEOPT PACKING pc=0x0000021bf5a36c64 sp=0x000000ec2b9fd120
Event: 5.784 Thread 0x0000021bd0504e50 DEOPT UNPACKING pc=0x0000021bf54069a3 sp=0x000000ec2b9fd0b0 mode 2
Event: 6.176 Thread 0x0000021bd0504e50 Uncommon trap: trap_request=0xffffffde fr.pc=0x0000021bf59aba3c relative=0x00000000000008dc
Event: 6.176 Thread 0x0000021bd0504e50 Uncommon trap: reason=class_check action=maybe_recompile pc=0x0000021bf59aba3c method=java.util.zip.InflaterInputStream.read([BII)I @ 100 c2
Event: 6.176 Thread 0x0000021bd0504e50 DEOPT PACKING pc=0x0000021bf59aba3c sp=0x000000ec2b9fe650
Event: 6.176 Thread 0x0000021bd0504e50 DEOPT UNPACKING pc=0x0000021bf54069a3 sp=0x000000ec2b9fe630 mode 2
Event: 6.176 Thread 0x0000021bd0504e50 Uncommon trap: trap_request=0xffffffde fr.pc=0x0000021bf59aba3c relative=0x00000000000008dc
Event: 6.176 Thread 0x0000021bd0504e50 Uncommon trap: reason=class_check action=maybe_recompile pc=0x0000021bf59aba3c method=java.util.zip.InflaterInputStream.read([BII)I @ 100 c2
Event: 6.176 Thread 0x0000021bd0504e50 DEOPT PACKING pc=0x0000021bf59aba3c sp=0x000000ec2b9fe650
Event: 6.176 Thread 0x0000021bd0504e50 DEOPT UNPACKING pc=0x0000021bf54069a3 sp=0x000000ec2b9fe630 mode 2
Event: 6.176 Thread 0x0000021bd0504e50 DEOPT PACKING pc=0x0000021bedf890be sp=0x000000ec2b9fe470
Event: 6.176 Thread 0x0000021bd0504e50 DEOPT UNPACKING pc=0x0000021bf5407143 sp=0x000000ec2b9fd8e8 mode 0
Event: 6.176 Thread 0x0000021bd0504e50 Uncommon trap: trap_request=0xffffffde fr.pc=0x0000021bf59aba3c relative=0x00000000000008dc
Event: 6.176 Thread 0x0000021bd0504e50 Uncommon trap: reason=class_check action=maybe_recompile pc=0x0000021bf59aba3c method=java.util.zip.InflaterInputStream.read([BII)I @ 100 c2
Event: 6.176 Thread 0x0000021bd0504e50 DEOPT PACKING pc=0x0000021bf59aba3c sp=0x000000ec2b9fe650
Event: 6.176 Thread 0x0000021bd0504e50 DEOPT UNPACKING pc=0x0000021bf54069a3 sp=0x000000ec2b9fe630 mode 2
Event: 6.177 Thread 0x0000021bd0504e50 DEOPT PACKING pc=0x0000021bedf890be sp=0x000000ec2b9fe520
Event: 6.177 Thread 0x0000021bd0504e50 DEOPT UNPACKING pc=0x0000021bf5407143 sp=0x000000ec2b9fd998 mode 0

Classes unloaded (0 events):
No events

Classes redefined (0 events):
No events

Internal exceptions (20 events):
Event: 3.465 Thread 0x0000021bcfefcef0 Implicit null exception at 0x0000021bf59c228f to 0x0000021bf59c2818
Event: 3.468 Thread 0x0000021bcfefcef0 Implicit null exception at 0x0000021bf597678f to 0x0000021bf5976809
Event: 3.587 Thread 0x0000021bcfefcef0 Exception <a 'java/lang/NoSuchMethodError'{0x0000000712cb0970}: 'java.lang.Object java.lang.invoke.DirectMethodHandle$Holder.invokeInterface(java.lang.Object, java.lang.Object, java.lang.Object)'> (0x0000000712cb0970) 
thrown [s\src\hotspot\share\interpreter\linkResolver.cpp, line 759]
Event: 3.588 Thread 0x0000021bcfefcef0 Exception <a 'java/lang/IncompatibleClassChangeError'{0x0000000712cb42e0}: Found class java.lang.Object, but interface was expected> (0x0000000712cb42e0) 
thrown [s\src\hotspot\share\interpreter\linkResolver.cpp, line 826]
Event: 3.659 Thread 0x0000021bd0503f20 Exception <a 'sun/nio/fs/WindowsException'{0x00000007126f86f0}> (0x00000007126f86f0) 
thrown [s\src\hotspot\share\prims\jni.cpp, line 516]
Event: 3.685 Thread 0x0000021bd0503f20 Exception <a 'java/lang/NoSuchMethodError'{0x00000007127fb298}: 'int java.lang.invoke.DirectMethodHandle$Holder.invokeStaticInit(java.lang.Object, java.lang.Object, java.lang.Object, java.lang.Object)'> (0x00000007127fb298) 
thrown [s\src\hotspot\share\interpreter\linkResolver.cpp, line 759]
Event: 3.687 Thread 0x0000021bd0503f20 Exception <a 'java/lang/IncompatibleClassChangeError'{0x0000000712404608}: Found class java.lang.Object, but interface was expected> (0x0000000712404608) 
thrown [s\src\hotspot\share\interpreter\linkResolver.cpp, line 826]
Event: 3.688 Thread 0x0000021bd0503f20 Exception <a 'java/lang/NoSuchMethodError'{0x0000000712409c70}: 'int java.lang.invoke.DirectMethodHandle$Holder.invokeStaticInit(java.lang.Object, java.lang.Object)'> (0x0000000712409c70) 
thrown [s\src\hotspot\share\interpreter\linkResolver.cpp, line 759]
Event: 3.747 Thread 0x0000021bd0503f20 Exception <a 'java/lang/NoSuchMethodError'{0x0000000712235110}: 'java.lang.Object java.lang.invoke.DirectMethodHandle$Holder.invokeStaticInit(java.lang.Object, int, int, int, int)'> (0x0000000712235110) 
thrown [s\src\hotspot\share\interpreter\linkResolver.cpp, line 759]
Event: 3.822 Thread 0x0000021bcfefcef0 Exception <a 'java/lang/NoSuchMethodError'{0x00000007123138a8}: 'long java.lang.invoke.DirectMethodHandle$Holder.invokeStatic(java.lang.Object, java.lang.Object, java.lang.Object)'> (0x00000007123138a8) 
thrown [s\src\hotspot\share\interpreter\linkResolver.cpp, line 759]
Event: 3.823 Thread 0x0000021bcfefcef0 Exception <a 'java/lang/NoSuchMethodError'{0x0000000712317050}: 'long java.lang.invoke.DirectMethodHandle$Holder.invokeStaticInit(java.lang.Object, java.lang.Object, java.lang.Object)'> (0x0000000712317050) 
thrown [s\src\hotspot\share\interpreter\linkResolver.cpp, line 759]
Event: 3.826 Thread 0x0000021bcfefcef0 Exception <a 'java/lang/NoSuchMethodError'{0x0000000712053570}: 'java.lang.Object java.lang.invoke.DirectMethodHandle$Holder.newInvokeSpecial(java.lang.Object, java.lang.Object, long)'> (0x0000000712053570) 
thrown [s\src\hotspot\share\interpreter\linkResolver.cpp, line 759]
Event: 3.826 Thread 0x0000021bcfefcef0 Exception <a 'java/lang/NoSuchMethodError'{0x00000007120570e0}: 'java.lang.Object java.lang.invoke.Invokers$Holder.linkToTargetMethod(java.lang.Object, long, java.lang.Object)'> (0x00000007120570e0) 
thrown [s\src\hotspot\share\interpreter\linkResolver.cpp, line 759]
Event: 3.884 Thread 0x0000021bd0503f20 Exception <a 'java/lang/NoSuchMethodError'{0x0000000711e122c8}: 'java.lang.Object java.lang.invoke.DirectMethodHandle$Holder.invokeStaticInit(java.lang.Object, java.lang.Object, int, int, int, int)'> (0x0000000711e122c8) 
thrown [s\src\hotspot\share\interpreter\linkResolver.cpp, line 759]
Event: 3.959 Thread 0x0000021bd0503f20 Exception <a 'java/lang/NoSuchMethodError'{0x000000070655b6c8}: 'java.lang.Object java.lang.invoke.DirectMethodHandle$Holder.invokeSpecial(java.lang.Object, java.lang.Object, long, java.lang.Object, java.lang.Object, java.lang.Object, java.lang.Object, java.lang.Object, java.lang.Object, java.lang.Object)'> (0x000000070655b6c8) 
thrown [s\src\hotspot\share\interpreter\linkResolver.cpp, line 759]
Event: 3.959 Thread 0x0000021bd0503f20 Exception <a 'java/lang/NoSuchMethodError'{0x00000007065601d8}: 'java.lang.Object java.lang.invoke.DelegatingMethodHandle$Holder.reinvoke_L(java.lang.Object, long, java.lang.Object, java.lang.Object, java.lang.Object, java.lang.Object, java.lang.Object, java.lang.Object, java.lang.Object)'> (0x00000007065601d8) 
thrown [s\src\hotspot\share\interpreter\linkResolver.cpp, line 759]
Event: 3.962 Thread 0x0000021bd0503f20 Exception <a 'java/lang/NoSuchMethodError'{0x0000000706577ee0}: 'java.lang.Object java.lang.invoke.DirectMethodHandle$Holder.invokeSpecial(java.lang.Object, java.lang.Object, java.lang.Object, java.lang.Object, java.lang.Object, java.lang.Object, java.lang.Object, java.lang.Object, java.lang.Object)'> (0x0000000706577ee0) 
thrown [s\src\hotspot\share\interpreter\linkResolver.cpp, line 759]
Event: 3.963 Thread 0x0000021bd0503f20 Exception <a 'java/lang/NoSuchMethodError'{0x000000070657cb68}: 'java.lang.Object java.lang.invoke.Invokers$Holder.linkToTargetMethod(java.lang.Object, java.lang.Object, java.lang.Object, java.lang.Object, java.lang.Object, java.lang.Object, java.lang.Object, java.lang.Object)'> (0x000000070657cb68) 
thrown [s\src\hotspot\share\interpreter\linkResolver.cpp, line 759]
Event: 4.070 Thread 0x0000021bd0503f20 Exception <a 'java/lang/NoSuchMethodError'{0x00000007061b3770}: 'java.lang.Object java.lang.invoke.DirectMethodHandle$Holder.invokeVirtual(java.lang.Object, java.lang.Object, java.lang.Object, java.lang.Object)'> (0x00000007061b3770) 
thrown [s\src\hotspot\share\interpreter\linkResolver.cpp, line 759]
Event: 4.368 Thread 0x0000021bd0503f20 Exception <a 'java/lang/ClassNotFoundException'{0x0000000705f8baf8}: jdk/net/ExtendedSocketOptions> (0x0000000705f8baf8) 
thrown [s\src\hotspot\share\classfile\systemDictionary.cpp, line 256]

VM Operations (20 events):
Event: 3.806 Executing VM operation: ICBufferFull
Event: 3.807 Executing VM operation: ICBufferFull done
Event: 3.896 Executing VM operation: CollectForMetadataAllocation
Event: 3.904 Executing VM operation: CollectForMetadataAllocation done
Event: 3.910 Executing VM operation: G1PauseRemark
Event: 3.912 Executing VM operation: G1PauseRemark done
Event: 3.912 Executing VM operation: G1PauseCleanup
Event: 3.915 Executing VM operation: G1PauseCleanup done
Event: 3.990 Executing VM operation: HandshakeAllThreads
Event: 3.990 Executing VM operation: HandshakeAllThreads done
Event: 3.990 Executing VM operation: HandshakeAllThreads
Event: 3.990 Executing VM operation: HandshakeAllThreads done
Event: 4.089 Executing VM operation: HandshakeAllThreads
Event: 4.089 Executing VM operation: HandshakeAllThreads done
Event: 4.102 Executing VM operation: HandshakeAllThreads
Event: 4.102 Executing VM operation: HandshakeAllThreads done
Event: 5.103 Executing VM operation: Cleanup
Event: 5.103 Executing VM operation: Cleanup done
Event: 5.274 Executing VM operation: HandshakeAllThreads
Event: 5.274 Executing VM operation: HandshakeAllThreads done

Events (20 events):
Event: 5.781 loading class sun/security/util/math/intpoly/P384OrderField
Event: 5.781 loading class sun/security/util/math/intpoly/P384OrderField done
Event: 5.781 loading class sun/security/util/math/intpoly/P521OrderField
Event: 5.782 loading class sun/security/util/math/intpoly/P521OrderField done
Event: 5.796 loading class java/security/interfaces/ECPrivateKey
Event: 5.796 loading class java/security/interfaces/ECPrivateKey done
Event: 6.173 Thread 0x0000021bd6fd5820 Thread exited: 0x0000021bd6fd5820
Event: 6.190 Thread 0x0000021bd0504940 Thread added: 0x0000021bd0504940
Event: 6.192 Thread 0x0000021bd0504940 Thread exited: 0x0000021bd0504940
Event: 6.192 Thread 0x0000021bd0504940 Thread added: 0x0000021bd0504940
Event: 6.192 Thread 0x0000021bd0504940 Thread exited: 0x0000021bd0504940
Event: 6.207 Thread 0x0000021bd0504940 Thread added: 0x0000021bd0504940
Event: 6.207 Thread 0x0000021bd0504940 Thread exited: 0x0000021bd0504940
Event: 6.218 Thread 0x0000021bd0504940 Thread added: 0x0000021bd0504940
Event: 6.218 Thread 0x0000021bd0504940 Thread exited: 0x0000021bd0504940
Event: 6.220 Thread 0x0000021bd0504940 Thread added: 0x0000021bd0504940
Event: 6.220 Thread 0x0000021bd0504940 Thread exited: 0x0000021bd0504940
Event: 6.220 Thread 0x0000021bd0504940 Thread added: 0x0000021bd0504940
Event: 6.220 Thread 0x0000021bd0504940 Thread exited: 0x0000021bd0504940
Event: 6.221 Thread 0x0000021bd0504940 Thread added: 0x0000021bd0504940


Dynamic libraries:
0x00007ff723430000 - 0x00007ff72343e000 	C:\Program Files\Eclipse Adoptium\jdk-17.0.10.7-hotspot\bin\java.exe
0x00007ffc88650000 - 0x00007ffc88848000 	C:\WINDOWS\SYSTEM32\ntdll.dll
0x00007ffc875f0000 - 0x00007ffc876ad000 	C:\WINDOWS\System32\KERNEL32.DLL
0x00007ffc86260000 - 0x00007ffc86556000 	C:\WINDOWS\System32\KERNELBASE.dll
0x00007ffc86560000 - 0x00007ffc86660000 	C:\WINDOWS\System32\ucrtbase.dll
0x00007ffc80b80000 - 0x00007ffc80b9b000 	C:\Program Files\Eclipse Adoptium\jdk-17.0.10.7-hotspot\bin\VCRUNTIME140.dll
0x00007ffc7c6f0000 - 0x00007ffc7c707000 	C:\Program Files\Eclipse Adoptium\jdk-17.0.10.7-hotspot\bin\jli.dll
0x00007ffc88190000 - 0x00007ffc8832e000 	C:\WINDOWS\System32\USER32.dll
0x00007ffc85d10000 - 0x00007ffc85d32000 	C:\WINDOWS\System32\win32u.dll
0x00007ffc793c0000 - 0x00007ffc7965a000 	C:\WINDOWS\WinSxS\amd64_microsoft.windows.common-controls_6595b64144ccf1df_6.0.19041.3636_none_60b6a03d71f818d5\COMCTL32.dll
0x00007ffc868f0000 - 0x00007ffc8691b000 	C:\WINDOWS\System32\GDI32.dll
0x00007ffc88330000 - 0x00007ffc883ce000 	C:\WINDOWS\System32\msvcrt.dll
0x00007ffc85fd0000 - 0x00007ffc860e7000 	C:\WINDOWS\System32\gdi32full.dll
0x00007ffc85f30000 - 0x00007ffc85fcd000 	C:\WINDOWS\System32\msvcp_win.dll
0x00007ffc88050000 - 0x00007ffc88082000 	C:\WINDOWS\System32\IMM32.DLL
0x0000021be4ac0000 - 0x0000021be4ad4000 	C:\WINDOWS\System32\umppc17807.dll
0x00007ffc80aa0000 - 0x00007ffc80aac000 	C:\Program Files\Eclipse Adoptium\jdk-17.0.10.7-hotspot\bin\vcruntime140_1.dll
0x00007ffc6ffa0000 - 0x00007ffc7002d000 	C:\Program Files\Eclipse Adoptium\jdk-17.0.10.7-hotspot\bin\msvcp140.dll
0x00007ffc1b0d0000 - 0x00007ffc1bd32000 	C:\Program Files\Eclipse Adoptium\jdk-17.0.10.7-hotspot\bin\server\jvm.dll
0x00007ffc86de0000 - 0x00007ffc86e93000 	C:\WINDOWS\System32\ADVAPI32.dll
0x00007ffc88090000 - 0x00007ffc8812f000 	C:\WINDOWS\System32\sechost.dll
0x00007ffc86ca0000 - 0x00007ffc86dc6000 	C:\WINDOWS\System32\RPCRT4.dll
0x00007ffc86660000 - 0x00007ffc86687000 	C:\WINDOWS\System32\bcrypt.dll
0x00007ffc85270000 - 0x00007ffc852bb000 	C:\WINDOWS\SYSTEM32\POWRPROF.dll
0x00007ffc60900000 - 0x00007ffc60909000 	C:\WINDOWS\SYSTEM32\WSOCK32.dll
0x00007ffc87c40000 - 0x00007ffc87cab000 	C:\WINDOWS\System32\WS2_32.dll
0x00007ffc6f710000 - 0x00007ffc6f737000 	C:\WINDOWS\SYSTEM32\WINMM.dll
0x00007ffc78af0000 - 0x00007ffc78afa000 	C:\WINDOWS\SYSTEM32\VERSION.dll
0x00007ffc850e0000 - 0x00007ffc850f2000 	C:\WINDOWS\SYSTEM32\UMPDC.dll
0x00007ffc84570000 - 0x00007ffc84582000 	C:\WINDOWS\SYSTEM32\kernel.appcore.dll
0x00007ffc80a60000 - 0x00007ffc80a6a000 	C:\Program Files\Eclipse Adoptium\jdk-17.0.10.7-hotspot\bin\jimage.dll
0x00007ffc83ef0000 - 0x00007ffc840d4000 	C:\WINDOWS\SYSTEM32\DBGHELP.DLL
0x00007ffc6ece0000 - 0x00007ffc6ed14000 	C:\WINDOWS\SYSTEM32\dbgcore.DLL
0x00007ffc85ea0000 - 0x00007ffc85f22000 	C:\WINDOWS\System32\bcryptPrimitives.dll
0x00007ffc7c3b0000 - 0x00007ffc7c3d5000 	C:\Program Files\Eclipse Adoptium\jdk-17.0.10.7-hotspot\bin\java.dll
0x00007ffc3ed20000 - 0x00007ffc3edf7000 	C:\Program Files\Eclipse Adoptium\jdk-17.0.10.7-hotspot\bin\jsvml.dll
0x00007ffc86ea0000 - 0x00007ffc875e5000 	C:\WINDOWS\System32\SHELL32.dll
0x00007ffc83680000 - 0x00007ffc83e1c000 	C:\WINDOWS\SYSTEM32\windows.storage.dll
0x00007ffc86940000 - 0x00007ffc86c94000 	C:\WINDOWS\System32\combase.dll
0x00007ffc85660000 - 0x00007ffc8568e000 	C:\WINDOWS\SYSTEM32\Wldp.dll
0x00007ffc883d0000 - 0x00007ffc8849d000 	C:\WINDOWS\System32\OLEAUT32.dll
0x00007ffc86830000 - 0x00007ffc868dd000 	C:\WINDOWS\System32\SHCORE.dll
0x00007ffc866f0000 - 0x00007ffc86745000 	C:\WINDOWS\System32\shlwapi.dll
0x00007ffc85c40000 - 0x00007ffc85c65000 	C:\WINDOWS\SYSTEM32\profapi.dll
0x00007ffc7c390000 - 0x00007ffc7c3a9000 	C:\Program Files\Eclipse Adoptium\jdk-17.0.10.7-hotspot\bin\net.dll
0x00007ffc84ca0000 - 0x00007ffc84daa000 	C:\WINDOWS\SYSTEM32\WINHTTP.dll
0x00007ffc85440000 - 0x00007ffc854aa000 	C:\WINDOWS\system32\mswsock.dll
0x00007ffc7c230000 - 0x00007ffc7c246000 	C:\Program Files\Eclipse Adoptium\jdk-17.0.10.7-hotspot\bin\nio.dll
0x00007ffc7c500000 - 0x00007ffc7c518000 	C:\Program Files\Eclipse Adoptium\jdk-17.0.10.7-hotspot\bin\zip.dll
0x0000021b89f10000 - 0x0000021b89f13000 	C:\Users\mar10115\.openjfx\cache\21.0.1+6\amd64\api-ms-win-core-console-l1-1-0.dll
0x0000021b89f20000 - 0x0000021b89f23000 	C:\Users\mar10115\.openjfx\cache\21.0.1+6\amd64\api-ms-win-core-console-l1-2-0.dll
0x0000021b89f30000 - 0x0000021b89f33000 	C:\Users\mar10115\.openjfx\cache\21.0.1+6\amd64\api-ms-win-core-datetime-l1-1-0.dll
0x0000021b89f40000 - 0x0000021b89f43000 	C:\Users\mar10115\.openjfx\cache\21.0.1+6\amd64\api-ms-win-core-debug-l1-1-0.dll
0x0000021b89f50000 - 0x0000021b89f53000 	C:\Users\mar10115\.openjfx\cache\21.0.1+6\amd64\api-ms-win-core-errorhandling-l1-1-0.dll
0x0000021b89f60000 - 0x0000021b89f64000 	C:\Users\mar10115\.openjfx\cache\21.0.1+6\amd64\api-ms-win-core-file-l1-1-0.dll
0x0000021b89f70000 - 0x0000021b89f73000 	C:\Users\mar10115\.openjfx\cache\21.0.1+6\amd64\api-ms-win-core-file-l1-2-0.dll
0x0000021b89f80000 - 0x0000021b89f83000 	C:\Users\mar10115\.openjfx\cache\21.0.1+6\amd64\api-ms-win-core-file-l2-1-0.dll
0x0000021b89f90000 - 0x0000021b89f93000 	C:\Users\mar10115\.openjfx\cache\21.0.1+6\amd64\api-ms-win-core-handle-l1-1-0.dll
0x0000021b89fa0000 - 0x0000021b89fa3000 	C:\Users\mar10115\.openjfx\cache\21.0.1+6\amd64\api-ms-win-core-heap-l1-1-0.dll
0x0000021b89fb0000 - 0x0000021b89fb3000 	C:\Users\mar10115\.openjfx\cache\21.0.1+6\amd64\api-ms-win-core-interlocked-l1-1-0.dll
0x0000021b89fc0000 - 0x0000021b89fc3000 	C:\Users\mar10115\.openjfx\cache\21.0.1+6\amd64\api-ms-win-core-libraryloader-l1-1-0.dll
0x0000021b89fd0000 - 0x0000021b89fd3000 	C:\Users\mar10115\.openjfx\cache\21.0.1+6\amd64\api-ms-win-core-localization-l1-2-0.dll
0x0000021b89fe0000 - 0x0000021b89fe3000 	C:\Users\mar10115\.openjfx\cache\21.0.1+6\amd64\api-ms-win-core-memory-l1-1-0.dll
0x0000021b89ff0000 - 0x0000021b89ff3000 	C:\Users\mar10115\.openjfx\cache\21.0.1+6\amd64\api-ms-win-core-namedpipe-l1-1-0.dll
0x0000021bd0bd0000 - 0x0000021bd0bd3000 	C:\Users\mar10115\.openjfx\cache\21.0.1+6\amd64\api-ms-win-core-processenvironment-l1-1-0.dll
0x0000021bd0be0000 - 0x0000021bd0be3000 	C:\Users\mar10115\.openjfx\cache\21.0.1+6\amd64\api-ms-win-core-processthreads-l1-1-0.dll
0x0000021bd0bf0000 - 0x0000021bd0bf3000 	C:\Users\mar10115\.openjfx\cache\21.0.1+6\amd64\api-ms-win-core-processthreads-l1-1-1.dll
0x0000021bd0c00000 - 0x0000021bd0c03000 	C:\Users\mar10115\.openjfx\cache\21.0.1+6\amd64\api-ms-win-core-profile-l1-1-0.dll
0x0000021bd0c10000 - 0x0000021bd0c13000 	C:\Users\mar10115\.openjfx\cache\21.0.1+6\amd64\api-ms-win-core-rtlsupport-l1-1-0.dll
0x0000021bd0c20000 - 0x0000021bd0c23000 	C:\Users\mar10115\.openjfx\cache\21.0.1+6\amd64\api-ms-win-core-string-l1-1-0.dll
0x0000021bd0c30000 - 0x0000021bd0c33000 	C:\Users\mar10115\.openjfx\cache\21.0.1+6\amd64\api-ms-win-core-synch-l1-1-0.dll
0x0000021bd0c40000 - 0x0000021bd0c43000 	C:\Users\mar10115\.openjfx\cache\21.0.1+6\amd64\api-ms-win-core-synch-l1-2-0.dll
0x0000021bd0c50000 - 0x0000021bd0c53000 	C:\Users\mar10115\.openjfx\cache\21.0.1+6\amd64\api-ms-win-core-sysinfo-l1-1-0.dll
0x0000021bd0c60000 - 0x0000021bd0c63000 	C:\Users\mar10115\.openjfx\cache\21.0.1+6\amd64\api-ms-win-core-timezone-l1-1-0.dll
0x0000021bd0c70000 - 0x0000021bd0c73000 	C:\Users\mar10115\.openjfx\cache\21.0.1+6\amd64\api-ms-win-core-util-l1-1-0.dll
0x0000021bd0c80000 - 0x0000021bd0c83000 	C:\Users\mar10115\.openjfx\cache\21.0.1+6\amd64\api-ms-win-crt-conio-l1-1-0.dll
0x0000021bd0c90000 - 0x0000021bd0c94000 	C:\Users\mar10115\.openjfx\cache\21.0.1+6\amd64\api-ms-win-crt-convert-l1-1-0.dll
0x0000021bd0ca0000 - 0x0000021bd0ca3000 	C:\Users\mar10115\.openjfx\cache\21.0.1+6\amd64\api-ms-win-crt-environment-l1-1-0.dll
0x0000021bd0cb0000 - 0x0000021bd0cb3000 	C:\Users\mar10115\.openjfx\cache\21.0.1+6\amd64\api-ms-win-crt-filesystem-l1-1-0.dll
0x0000021bd0cc0000 - 0x0000021bd0cc3000 	C:\Users\mar10115\.openjfx\cache\21.0.1+6\amd64\api-ms-win-crt-heap-l1-1-0.dll
0x0000021bd0cd0000 - 0x0000021bd0cd3000 	C:\Users\mar10115\.openjfx\cache\21.0.1+6\amd64\api-ms-win-crt-locale-l1-1-0.dll
0x0000021bd0ce0000 - 0x0000021bd0ce5000 	C:\Users\mar10115\.openjfx\cache\21.0.1+6\amd64\api-ms-win-crt-math-l1-1-0.dll
0x0000021bd0cf0000 - 0x0000021bd0cf5000 	C:\Users\mar10115\.openjfx\cache\21.0.1+6\amd64\api-ms-win-crt-multibyte-l1-1-0.dll
0x0000021bd0d00000 - 0x0000021bd0d10000 	C:\Users\mar10115\.openjfx\cache\21.0.1+6\amd64\api-ms-win-crt-private-l1-1-0.dll
0x0000021bd0d10000 - 0x0000021bd0d13000 	C:\Users\mar10115\.openjfx\cache\21.0.1+6\amd64\api-ms-win-crt-process-l1-1-0.dll
0x0000021bd0d20000 - 0x0000021bd0d24000 	C:\Users\mar10115\.openjfx\cache\21.0.1+6\amd64\api-ms-win-crt-runtime-l1-1-0.dll
0x0000021bd0d30000 - 0x0000021bd0d34000 	C:\Users\mar10115\.openjfx\cache\21.0.1+6\amd64\api-ms-win-crt-stdio-l1-1-0.dll
0x0000021bd0d40000 - 0x0000021bd0d44000 	C:\Users\mar10115\.openjfx\cache\21.0.1+6\amd64\api-ms-win-crt-string-l1-1-0.dll
0x0000021bd0d50000 - 0x0000021bd0d53000 	C:\Users\mar10115\.openjfx\cache\21.0.1+6\amd64\api-ms-win-crt-time-l1-1-0.dll
0x0000021bd0d60000 - 0x0000021bd0d63000 	C:\Users\mar10115\.openjfx\cache\21.0.1+6\amd64\api-ms-win-crt-utility-l1-1-0.dll
0x00007ffc43950000 - 0x00007ffc43a4c000 	C:\Users\mar10115\.openjfx\cache\21.0.1+6\amd64\ucrtbase.dll
0x00007ffc7d740000 - 0x00007ffc7d75b000 	C:\Users\mar10115\.openjfx\cache\21.0.1+6\amd64\vcruntime140.dll
0x00007ffc80ad0000 - 0x00007ffc80adc000 	C:\Users\mar10115\.openjfx\cache\21.0.1+6\amd64\vcruntime140_1.dll
0x00007ffc46920000 - 0x00007ffc469ae000 	C:\Users\mar10115\.openjfx\cache\21.0.1+6\amd64\msvcp140.dll
0x00007ffc87cc0000 - 0x00007ffc87deb000 	C:\WINDOWS\System32\ole32.dll
0x00007ffc7bb70000 - 0x00007ffc7bb79000 	C:\Users\mar10115\.openjfx\cache\21.0.1+6\amd64\msvcp140_1.dll
0x00007ffc6cbe0000 - 0x00007ffc6cc0f000 	C:\Users\mar10115\.openjfx\cache\21.0.1+6\amd64\msvcp140_2.dll
0x00007ffc6c580000 - 0x00007ffc6c5af000 	C:\Users\mar10115\.openjfx\cache\21.0.1+6\amd64\prism_d3d.dll
0x00007ffbf8320000 - 0x00007ffbf84ed000 	C:\WINDOWS\system32\d3d9.dll
0x00007ffc83190000 - 0x00007ffc831bf000 	C:\WINDOWS\SYSTEM32\dwmapi.dll
0x00007ffc82800000 - 0x00007ffc8289e000 	C:\WINDOWS\system32\uxtheme.dll
0x00007ffc39730000 - 0x00007ffc39895000 	C:\WINDOWS\System32\DriverStore\FileRepository\iigd_dch.inf_amd64_7df576fcfa9adb45\igdumdim64.dll
0x00007ffc132b0000 - 0x00007ffc16f3b000 	C:\WINDOWS\System32\DriverStore\FileRepository\iigd_dch.inf_amd64_7df576fcfa9adb45\igd9dxva64.dll
0x00007ffc876b0000 - 0x00007ffc87b1e000 	C:\WINDOWS\System32\SETUPAPI.dll
0x00007ffc86210000 - 0x00007ffc8625e000 	C:\WINDOWS\System32\cfgmgr32.dll
0x00007ffc79800000 - 0x00007ffc79b36000 	C:\WINDOWS\System32\DriverStore\FileRepository\iigd_dch.inf_amd64_7df576fcfa9adb45\igdgmm64.dll
0x00007ffc53230000 - 0x00007ffc53272000 	C:\Users\mar10115\.openjfx\cache\21.0.1+6\amd64\glass.dll
0x00007ffc86750000 - 0x00007ffc8682a000 	C:\WINDOWS\System32\COMDLG32.dll
0x00007ffc87b20000 - 0x00007ffc87c34000 	C:\WINDOWS\System32\MSCTF.dll
0x00007ffc057e0000 - 0x00007ffc05807000 	C:\WINDOWS\System32\DriverStore\FileRepository\iigd_dch.inf_amd64_7df576fcfa9adb45\igdinfo64.dll
0x00007ffc745d0000 - 0x00007ffc7735f000 	C:\WINDOWS\System32\DriverStore\FileRepository\iigd_dch.inf_amd64_7df576fcfa9adb45\igc64.dll
0x00007ffc7f680000 - 0x00007ffc7f6bb000 	C:\WINDOWS\SYSTEM32\dxcore.dll
0x00007ffc7bb50000 - 0x00007ffc7bb64000 	C:\Users\mar10115\.openjfx\cache\21.0.1+6\amd64\javafx_font.dll
0x00007ffc6ad50000 - 0x00007ffc6afcf000 	C:\WINDOWS\SYSTEM32\dwrite.dll
0x00007ffc87fa0000 - 0x00007ffc88049000 	C:\WINDOWS\System32\clbcatq.dll
0x00007ffc7e510000 - 0x00007ffc7e6c4000 	C:\WINDOWS\SYSTEM32\WindowsCodecs.dll
0x00007ffc49f40000 - 0x00007ffc49f7e000 	C:\WINDOWS\system32\dataexchange.dll
0x00007ffc813c0000 - 0x00007ffc81623000 	C:\WINDOWS\system32\d3d11.dll
0x00007ffc81630000 - 0x00007ffc81813000 	C:\WINDOWS\system32\dcomp.dll
0x00007ffc84320000 - 0x00007ffc84413000 	C:\WINDOWS\system32\dxgi.dll
0x00007ffc7e110000 - 0x00007ffc7e313000 	C:\WINDOWS\system32\twinapi.appcore.dll
0x00007ffc4c530000 - 0x00007ffc4c564000 	C:\Program Files\Common Files\Microsoft Shared\Ink\rtscom.dll
0x00007ffc706f0000 - 0x00007ffc707e9000 	C:\WINDOWS\SYSTEM32\textinputframework.dll
0x00007ffc81de0000 - 0x00007ffc8213b000 	C:\WINDOWS\System32\CoreUIComponents.dll
0x00007ffc824c0000 - 0x00007ffc825b2000 	C:\WINDOWS\System32\CoreMessaging.dll
0x00007ffc84e60000 - 0x00007ffc84e93000 	C:\WINDOWS\SYSTEM32\ntmarta.dll
0x00007ffc80e00000 - 0x00007ffc80f55000 	C:\WINDOWS\SYSTEM32\wintypes.dll
0x00007ffc0c940000 - 0x00007ffc132b0000 	C:\applications1\runtime_dependencies\jniLibs\WIN64\runtimecore.dll

dbghelp: loaded successfully - version: 4.0.5 - missing functions: none
symbol engine: initialized successfully - sym options: 0x614 - pdb path: .;C:\Program Files\Eclipse Adoptium\jdk-17.0.10.7-hotspot\bin;C:\WINDOWS\SYSTEM32;C:\WINDOWS\WinSxS\amd64_microsoft.windows.common-controls_6595b64144ccf1df_6.0.19041.3636_none_60b6a03d71f818d5;C:\Program Files\Eclipse Adoptium\jdk-17.0.10.7-hotspot\bin\server;C:\Users\mar10115\.openjfx\cache\21.0.1+6\amd64;C:\WINDOWS\System32\DriverStore\FileRepository\iigd_dch.inf_amd64_7df576fcfa9adb45;C:\Program Files\Common Files\Microsoft Shared\Ink;C:\applications1\runtime_dependencies\jniLibs\WIN64

VM Arguments:
jvm_args: -DapiKey=AAPKf9d8312d139e441b9df7b9abc9ac392adrCnoMbvSgy7cN3WG0-W2WCP0l-vD2vJVTQzYexR_4HGdB8XQt1YGsDXOoiuCA_x -Dfile.encoding=windows-1252 -Duser.country=GB -Duser.language=en -Duser.variant --module-path=C:\applications1\arcgis-maps-sdk-java-samples\scene\add-3d-tiles-layer\build\libs\add-3d-tiles-layer.jar;C:\Users\mar10115\.gradle\caches\modules-2\files-2.1\com.esri.arcgisruntime\arcgis-java\200.4.0-4166\d52d58ebe3ba3c74b3138693f5bc44d008d5c61c\arcgis-java-200.4.0-4166.jar;C:\Users\mar10115\.gradle\caches\modules-2\files-2.1\org.slf4j\slf4j-nop\2.0.9\fa0627049304bf501bf6a0e4d1416bcaec9a72a9\slf4j-nop-2.0.9.jar;C:\Users\mar10115\.gradle\caches\modules-2\files-2.1\org.openjfx\javafx-fxml\21.0.1\b46291a2451fa6b94e6cc365611156a92d6a05b7\javafx-fxml-21.0.1-win.jar;C:\Users\mar10115\.gradle\caches\modules-2\files-2.1\org.openjfx\javafx-web\21.0.1\51dbab452240359ccdf686beb4ad6c6c89efdbb1\javafx-web-21.0.1-win.jar;C:\Users\mar10115\.gradle\caches\modules-2\files-2.1\org.openjfx\javafx-controls\21.0.1\f97557705aba7fb552fe1bf6e4bdb72bab1924ba\javafx-controls-21.0.1-win.jar;C:\Users\mar10115\.gradle\caches\modules-2\files-2.1\org.openjfx\javafx-media\21.0.1\1c359fcb901b1665d59edd603b1174829f2db87d\javafx-media-21.0.1-win.jar;C:\Users\mar10115\.gradle\caches\modules-2\files-2.1\org.openjfx\javafx-graphics\21.0.1\f92cc4656711f2ce8b1928d3b063fd4746ea23e4\javafx-graphics-21.0.1-win.jar;C:\Users\mar10115\.gradle\caches\modules-2\files-2.1\com.google.code.gson\gson\2.10.1\b3add478d4382b78ea20b1671390a858002feb6c\gson-2.10.1.jar;C:\Users\mar10115\.gradle\caches\modules-2\files-2.1\org.apache.httpcomponents.client5\httpclient5-cache\5.2.3\b9ad35175cc466c8f2040c0e77f90c2fb101a79c\httpclient5-cache-5.2.3.jar;C:\Users\mar10115\.gradle\caches\modules-2\files-2.1\org.apache.httpcomponents.client5\httpclient5\5.2.3\5d753a99d299756998a08c488f2efdf9cf26198e\httpclient5-5.2.3.jar;C:\Users\mar10115\.gradle\caches\modules-2\files-2.1\commons-codec\commons-codec\1.16.0\4e3eb3d79888d76b54e28b350915b5dc3919c9de\commons-codec-1.16.0.jar;C:\Users\mar10115\.gradle\caches\modules-2\files-2.1\org.slf4j\slf4j-api\2.0.9\7cf2726fdcfbc8610f9a71fb3ed639871f315340\slf4j-api-2.0.9.jar;C:\Users-Djdk.module.main=com.esri.samples.add_3d_tiles_layer 
java_command: com.esri.samples.add_3d_tiles_layer/com.esri.samples.add_3d_tiles_layer.Add3dTilesLayer
java_class_path (initial): <not set>
Launcher Type: SUN_STANDARD

[Global flags]
     intx CICompilerCount                          = 4                                         {product} {ergonomic}
     uint ConcGCThreads                            = 3                                         {product} {ergonomic}
     uint G1ConcRefinementThreads                  = 10                                        {product} {ergonomic}
   size_t G1HeapRegionSize                         = 2097152                                   {product} {ergonomic}
    uintx GCDrainStackTargetSize                   = 64                                        {product} {ergonomic}
   size_t InitialHeapSize                          = 264241152                                 {product} {ergonomic}
   size_t MarkStackSize                            = 4194304                                   {product} {ergonomic}
   size_t MaxHeapSize                              = 4225761280                                {product} {ergonomic}
   size_t MaxNewSize                               = 2535456768                                {product} {ergonomic}
   size_t MinHeapDeltaBytes                        = 2097152                                   {product} {ergonomic}
   size_t MinHeapSize                              = 8388608                                   {product} {ergonomic}
    uintx NonNMethodCodeHeapSize                   = 5839372                                {pd product} {ergonomic}
    uintx NonProfiledCodeHeapSize                  = 122909434                              {pd product} {ergonomic}
    uintx ProfiledCodeHeapSize                     = 122909434                              {pd product} {ergonomic}
    uintx ReservedCodeCacheSize                    = 251658240                              {pd product} {ergonomic}
     bool SegmentedCodeCache                       = true                                      {product} {ergonomic}
   size_t SoftMaxHeapSize                          = 4225761280                             {manageable} {ergonomic}
     bool UseCompressedClassPointers               = true                           {product lp64_product} {ergonomic}
     bool UseCompressedOops                        = true                           {product lp64_product} {ergonomic}
     bool UseG1GC                                  = true                                      {product} {ergonomic}
     bool UseLargePagesIndividualAllocation        = false                                  {pd product} {ergonomic}

Logging:
Log output configuration:
 #0: stdout all=warning uptime,level,tags
 #1: stderr all=off uptime,level,tags

Environment Variables:
JAVA_HOME=C:\Program Files\Eclipse Adoptium\jdk-17.0.10.7-hotspot\
PATH=C:\Program Files\Eclipse Adoptium\jdk-17.0.10.7-hotspot\bin;C:\Program Files\Eclipse Adoptium\jdk-21.0.1.12-hotspot\bin;C:\Program Files\ImageMagick-7.1.1-Q16-HDRI;C:\Python38\Scripts\;C:\Python38\;C:\Program Files\AdoptOpenJDK\jdk-8.0.232.09-hotspot\bin;C:\Program Files (x86)\Intel\Intel(R) Management Engine Components\iCLS\;C:\Program Files\Intel\Intel(R) Management Engine Components\iCLS\;C:\Windows\system32;C:\Windows;C:\Windows\System32\Wbem;C:\Windows\System32\WindowsPowerShell\v1.0\;C:\Windows\System32\OpenSSH\;C:\Program Files (x86)\NVIDIA Corporation\PhysX\Common;C:\Program Files\Intel\WiFi\bin\;C:\Program Files\Common Files\Intel\WirelessCommon\;C:\Users\mar10115\.dnx\bin;C:\Program Files\Microsoft DNX\Dnvm\;C:\Program Files\Microsoft SQL Server\130\Tools\Binn\;C:\Program Files\LLVM\bin;C:\Users\mar10115\AppData\Local\Programs\Python\Python37;C:\applications\qt\qml\test\build-ArcGISQmlUnitTests-Desktop_Qt_5_12_3_MSVC2017_64bit4-Release\release;C:\Program Files\CMake\bin;C:\Program Files\dotnet\;C:\Program Files\doxygen\bin;C:\ProgramData\chocolatey\bin;C:\Program Files\Git\cmd;C:\Program Files\Microsoft VS Code\bin;C:\Program Files\Python38\;C:\WINDOWS\system32;C:\WINDOWS;C:\WINDOWS\System32\Wbem;C:\WINDOWS\System32\WindowsPowerShell\v1.0\;C:\WINDOWS\System32\OpenSSH\;C:\Gradle\gradle-7.6\bin;C:\Program Files\PuTTY\;C:\Users\mar10115\AppData\Local\Programs\Python\Python38-32\Scripts\;C:\Users\mar10115\AppData\Local\Programs\Python\Python38-32\;C:\Users\mar10115\AppData\Roaming\local\bin;C:\Users\mar10115\AppData\Local\Microsoft\WindowsApps;C:\Users\mar10115\AppData\Local\Programs\Microsoft VS Code\bin;C:\applications\output\win_x64_release\bin;C:\Users\mar10115\AppData\Roaming\cabal\bin;C:\tools\msys64;C:\Users\mar10115\.dotnet\tools;;C:\Users\mar10115\AppData\Local\Programs\Fiddler;C:\Users\mar10115\.dotnet\tools
USERNAME=mar10115
OS=Windows_NT
PROCESSOR_IDENTIFIER=Intel64 Family 6 Model 158 Stepping 10, GenuineIntel
TMP=C:\Users\mar10115\AppData\Local\Temp
TEMP=C:\Users\mar10115\AppData\Local\Temp



Periodic native trim disabled


---------------  S Y S T E M  ---------------

OS:
 Windows 10 , 64 bit Build 19041 (10.0.19041.3636)
OS uptime: 12 days 18:51 hours
Hyper-V role detected

CPU: total 12 (initial active 12) (6 cores per cpu, 2 threads per core) family 6 model 158 stepping 10 microcode 0xea, cx8, cmov, fxsr, ht, mmx, 3dnowpref, sse, sse2, sse3, ssse3, sse4.1, sse4.2, popcnt, lzcnt, tsc, tscinvbit, avx, avx2, aes, erms, clmul, bmi1, bmi2, rtm, adx, fma, vzeroupper, clflush, clflushopt, hv
Processor Information for all 12 processors :
  Max Mhz: 2592, Current Mhz: 2592, Mhz Limit: 2592

Memory: 4k page, system-wide physical 16117M (2058M free)
TotalPageFile size 34549M (AvailPageFile size 7912M)
current process WorkingSet (physical memory assigned to process): 197M, peak: 213M
current process commit charge ("private bytes"): 269M, peak: 478M

vm_info: OpenJDK 64-Bit Server VM (17.0.10+7) for windows-amd64 JRE (17.0.10+7), built on Jan 16 2024 23:25:11 by "admin" with MS VC++ 16.10 / 16.11 (VS2019)

END.
